2024-06-05 10:43:50 INFO  c.e.f.FirstprojectzInSpringbootApplication - Starting FirstprojectzInSpringbootApplication using Java 17.0.10 on nilaapps-Latitude-3420 with PID 5583 (/home/akshayakumar/Documents/firstprojectzInSpringboot/target/classes started by akshayakumar in /home/akshayakumar/Documents/firstprojectzInSpringboot)
2024-06-05 10:43:50 DEBUG c.e.f.FirstprojectzInSpringbootApplication - Running with Spring Boot v2.7.17-SNAPSHOT, Spring v5.3.30
2024-06-05 10:43:50 INFO  c.e.f.FirstprojectzInSpringbootApplication - No active profile set, falling back to 1 default profile: "default"
2024-06-05 10:43:50 INFO  o.s.b.d.restart.ChangeableUrls - The Class-Path manifest attribute in /home/akshayakumar/.m2/repository/xalan/xalan/2.7.2/xalan-2.7.2.jar referenced one or more files that do not exist: file:/home/akshayakumar/.m2/repository/xalan/xalan/2.7.2/xercesImpl.jar,file:/home/akshayakumar/.m2/repository/xalan/xalan/2.7.2/xml-apis.jar,file:/home/akshayakumar/.m2/repository/xalan/xalan/2.7.2/serializer.jar
2024-06-05 10:43:50 INFO  o.s.b.d.restart.ChangeableUrls - The Class-Path manifest attribute in /home/akshayakumar/.m2/repository/xalan/serializer/2.7.2/serializer-2.7.2.jar referenced one or more files that do not exist: file:/home/akshayakumar/.m2/repository/xalan/serializer/2.7.2/xml-apis.jar
2024-06-05 10:43:50 INFO  o.s.b.d.restart.ChangeableUrls - The Class-Path manifest attribute in /home/akshayakumar/.m2/repository/org/apache/xmlgraphics/batik-rasterizer-ext/1.13/batik-rasterizer-ext-1.13.jar referenced one or more files that do not exist: file:/home/akshayakumar/.m2/repository/org/apache/xmlgraphics/batik-rasterizer-ext/1.13/batik-shared-resources-1.13.jar,file:/home/akshayakumar/.m2/repository/org/apache/xmlgraphics/batik-rasterizer-ext/1.13/batik-svgrasterizer-1.13.jar,file:/home/akshayakumar/.m2/repository/org/apache/xmlgraphics/batik-rasterizer-ext/1.13/batik-parser-1.13.jar,file:/home/akshayakumar/.m2/repository/org/apache/xmlgraphics/batik-rasterizer-ext/1.13/batik-xml-1.13.jar,file:/home/akshayakumar/.m2/repository/org/apache/xmlgraphics/batik-rasterizer-ext/1.13/batik-transcoder-1.13.jar,file:/home/akshayakumar/.m2/repository/org/apache/xmlgraphics/batik-rasterizer-ext/1.13/batik-svggen-1.13.jar,file:/home/akshayakumar/.m2/repository/org/apache/xmlgraphics/batik-rasterizer-ext/1.13/batik-util-1.13.jar,file:/home/akshayakumar/.m2/repository/org/apache/xmlgraphics/batik-rasterizer-ext/1.13/batik-constants-1.13.jar,file:/home/akshayakumar/.m2/repository/org/apache/xmlgraphics/batik-rasterizer-ext/1.13/batik-i18n-1.13.jar,file:/home/akshayakumar/.m2/repository/org/apache/xmlgraphics/batik-rasterizer-ext/1.13/batik-codec-1.13.jar,file:/home/akshayakumar/.m2/repository/org/apache/xmlgraphics/batik-rasterizer-ext/1.13/batik-extension-1.13.jar,file:/home/akshayakumar/.m2/repository/org/apache/xmlgraphics/batik-rasterizer-ext/1.13/batik-anim-1.13.jar,file:/home/akshayakumar/.m2/repository/org/apache/xmlgraphics/batik-rasterizer-ext/1.13/batik-awt-util-1.13.jar,file:/home/akshayakumar/.m2/repository/org/apache/xmlgraphics/batik-rasterizer-ext/1.13/xmlgraphics-commons-2.4.jar,file:/home/akshayakumar/.m2/repository/org/apache/xmlgraphics/batik-rasterizer-ext/1.13/commons-io-1.3.2.jar,file:/home/akshayakumar/.m2/repository/org/apache/xmlgraphics/batik-rasterizer-ext/1.13/commons-logging-1.2.jar,file:/home/akshayakumar/.m2/repository/org/apache/xmlgraphics/batik-rasterizer-ext/1.13/batik-bridge-1.13.jar,file:/home/akshayakumar/.m2/repository/org/apache/xmlgraphics/batik-rasterizer-ext/1.13/batik-script-1.13.jar,file:/home/akshayakumar/.m2/repository/org/apache/xmlgraphics/batik-rasterizer-ext/1.13/batik-css-1.13.jar,file:/home/akshayakumar/.m2/repository/org/apache/xmlgraphics/batik-rasterizer-ext/1.13/batik-dom-1.13.jar,file:/home/akshayakumar/.m2/repository/org/apache/xmlgraphics/batik-rasterizer-ext/1.13/xalan-2.7.2.jar,file:/home/akshayakumar/.m2/repository/org/apache/xmlgraphics/batik-rasterizer-ext/1.13/serializer-2.7.2.jar,file:/home/akshayakumar/.m2/repository/org/apache/xmlgraphics/batik-rasterizer-ext/1.13/xml-apis-1.4.01.jar,file:/home/akshayakumar/.m2/repository/org/apache/xmlgraphics/batik-rasterizer-ext/1.13/batik-ext-1.13.jar,file:/home/akshayakumar/.m2/repository/org/apache/xmlgraphics/batik-rasterizer-ext/1.13/batik-gvt-1.13.jar,file:/home/akshayakumar/.m2/repository/org/apache/xmlgraphics/batik-rasterizer-ext/1.13/batik-svg-dom-1.13.jar,file:/home/akshayakumar/.m2/repository/org/apache/xmlgraphics/batik-rasterizer-ext/1.13/xml-apis-ext-1.3.04.jar
2024-06-05 10:43:50 INFO  o.s.b.d.restart.ChangeableUrls - The Class-Path manifest attribute in /home/akshayakumar/.m2/repository/org/apache/xmlgraphics/batik-rasterizer/1.13/batik-rasterizer-1.13.jar referenced one or more files that do not exist: file:/home/akshayakumar/.m2/repository/org/apache/xmlgraphics/batik-rasterizer/1.13/lib/batik-shared-resources-1.13.jar,file:/home/akshayakumar/.m2/repository/org/apache/xmlgraphics/batik-rasterizer/1.13/lib/batik-svgrasterizer-1.13.jar,file:/home/akshayakumar/.m2/repository/org/apache/xmlgraphics/batik-rasterizer/1.13/lib/batik-parser-1.13.jar,file:/home/akshayakumar/.m2/repository/org/apache/xmlgraphics/batik-rasterizer/1.13/lib/batik-awt-util-1.13.jar,file:/home/akshayakumar/.m2/repository/org/apache/xmlgraphics/batik-rasterizer/1.13/lib/xmlgraphics-commons-2.4.jar,file:/home/akshayakumar/.m2/repository/org/apache/xmlgraphics/batik-rasterizer/1.13/lib/commons-io-1.3.2.jar,file:/home/akshayakumar/.m2/repository/org/apache/xmlgraphics/batik-rasterizer/1.13/lib/commons-logging-1.2.jar,file:/home/akshayakumar/.m2/repository/org/apache/xmlgraphics/batik-rasterizer/1.13/lib/batik-xml-1.13.jar,file:/home/akshayakumar/.m2/repository/org/apache/xmlgraphics/batik-rasterizer/1.13/lib/xml-apis-ext-1.3.04.jar,file:/home/akshayakumar/.m2/repository/org/apache/xmlgraphics/batik-rasterizer/1.13/lib/batik-transcoder-1.13.jar,file:/home/akshayakumar/.m2/repository/org/apache/xmlgraphics/batik-rasterizer/1.13/lib/batik-anim-1.13.jar,file:/home/akshayakumar/.m2/repository/org/apache/xmlgraphics/batik-rasterizer/1.13/lib/batik-css-1.13.jar,file:/home/akshayakumar/.m2/repository/org/apache/xmlgraphics/batik-rasterizer/1.13/lib/batik-ext-1.13.jar,file:/home/akshayakumar/.m2/repository/org/apache/xmlgraphics/batik-rasterizer/1.13/lib/batik-svg-dom-1.13.jar,file:/home/akshayakumar/.m2/repository/org/apache/xmlgraphics/batik-rasterizer/1.13/lib/batik-bridge-1.13.jar,file:/home/akshayakumar/.m2/repository/org/apache/xmlgraphics/batik-rasterizer/1.13/lib/batik-script-1.13.jar,file:/home/akshayakumar/.m2/repository/org/apache/xmlgraphics/batik-rasterizer/1.13/lib/batik-dom-1.13.jar,file:/home/akshayakumar/.m2/repository/org/apache/xmlgraphics/batik-rasterizer/1.13/lib/xalan-2.7.2.jar,file:/home/akshayakumar/.m2/repository/org/apache/xmlgraphics/batik-rasterizer/1.13/lib/serializer-2.7.2.jar,file:/home/akshayakumar/.m2/repository/org/apache/xmlgraphics/batik-rasterizer/1.13/lib/xml-apis-1.4.01.jar,file:/home/akshayakumar/.m2/repository/org/apache/xmlgraphics/batik-rasterizer/1.13/lib/batik-gvt-1.13.jar,file:/home/akshayakumar/.m2/repository/org/apache/xmlgraphics/batik-rasterizer/1.13/lib/batik-svggen-1.13.jar,file:/home/akshayakumar/.m2/repository/org/apache/xmlgraphics/batik-rasterizer/1.13/lib/batik-util-1.13.jar,file:/home/akshayakumar/.m2/repository/org/apache/xmlgraphics/batik-rasterizer/1.13/lib/batik-constants-1.13.jar,file:/home/akshayakumar/.m2/repository/org/apache/xmlgraphics/batik-rasterizer/1.13/lib/batik-i18n-1.13.jar,file:/home/akshayakumar/.m2/repository/org/apache/xmlgraphics/batik-rasterizer/1.13/lib/batik-codec-1.13.jar,file:/home/akshayakumar/.m2/repository/org/apache/xmlgraphics/batik-rasterizer/1.13/lib/fop-transcoder-allinone-2.5.jar
2024-06-05 10:43:50 INFO  o.s.b.d.restart.ChangeableUrls - The Class-Path manifest attribute in /home/akshayakumar/.m2/repository/org/apache/xmlgraphics/batik-slideshow/1.13/batik-slideshow-1.13.jar referenced one or more files that do not exist: file:/home/akshayakumar/.m2/repository/org/apache/xmlgraphics/batik-slideshow/1.13/lib/batik-bridge-1.13.jar,file:/home/akshayakumar/.m2/repository/org/apache/xmlgraphics/batik-slideshow/1.13/lib/batik-anim-1.13.jar,file:/home/akshayakumar/.m2/repository/org/apache/xmlgraphics/batik-slideshow/1.13/lib/batik-ext-1.13.jar,file:/home/akshayakumar/.m2/repository/org/apache/xmlgraphics/batik-slideshow/1.13/lib/batik-awt-util-1.13.jar,file:/home/akshayakumar/.m2/repository/org/apache/xmlgraphics/batik-slideshow/1.13/lib/batik-css-1.13.jar,file:/home/akshayakumar/.m2/repository/org/apache/xmlgraphics/batik-slideshow/1.13/lib/batik-dom-1.13.jar,file:/home/akshayakumar/.m2/repository/org/apache/xmlgraphics/batik-slideshow/1.13/lib/xalan-2.7.2.jar,file:/home/akshayakumar/.m2/repository/org/apache/xmlgraphics/batik-slideshow/1.13/lib/serializer-2.7.2.jar,file:/home/akshayakumar/.m2/repository/org/apache/xmlgraphics/batik-slideshow/1.13/lib/xml-apis-1.4.01.jar,file:/home/akshayakumar/.m2/repository/org/apache/xmlgraphics/batik-slideshow/1.13/lib/batik-parser-1.13.jar,file:/home/akshayakumar/.m2/repository/org/apache/xmlgraphics/batik-slideshow/1.13/lib/batik-script-1.13.jar,file:/home/akshayakumar/.m2/repository/org/apache/xmlgraphics/batik-slideshow/1.13/lib/batik-svg-dom-1.13.jar,file:/home/akshayakumar/.m2/repository/org/apache/xmlgraphics/batik-slideshow/1.13/lib/batik-util-1.13.jar,file:/home/akshayakumar/.m2/repository/org/apache/xmlgraphics/batik-slideshow/1.13/lib/batik-constants-1.13.jar,file:/home/akshayakumar/.m2/repository/org/apache/xmlgraphics/batik-slideshow/1.13/lib/batik-i18n-1.13.jar,file:/home/akshayakumar/.m2/repository/org/apache/xmlgraphics/batik-slideshow/1.13/lib/batik-xml-1.13.jar,file:/home/akshayakumar/.m2/repository/org/apache/xmlgraphics/batik-slideshow/1.13/lib/xmlgraphics-commons-2.4.jar,file:/home/akshayakumar/.m2/repository/org/apache/xmlgraphics/batik-slideshow/1.13/lib/commons-io-1.3.2.jar,file:/home/akshayakumar/.m2/repository/org/apache/xmlgraphics/batik-slideshow/1.13/lib/commons-logging-1.2.jar,file:/home/akshayakumar/.m2/repository/org/apache/xmlgraphics/batik-slideshow/1.13/lib/batik-gvt-1.13.jar,file:/home/akshayakumar/.m2/repository/org/apache/xmlgraphics/batik-slideshow/1.13/lib/batik-shared-resources-1.13.jar,file:/home/akshayakumar/.m2/repository/org/apache/xmlgraphics/batik-slideshow/1.13/lib/xml-apis-ext-1.3.04.jar
2024-06-05 10:43:50 INFO  o.s.b.d.restart.ChangeableUrls - The Class-Path manifest attribute in /home/akshayakumar/.m2/repository/org/apache/xmlgraphics/batik-squiggle-ext/1.13/batik-squiggle-ext-1.13.jar referenced one or more files that do not exist: file:/home/akshayakumar/.m2/repository/org/apache/xmlgraphics/batik-squiggle-ext/1.13/batik-shared-resources-1.13.jar,file:/home/akshayakumar/.m2/repository/org/apache/xmlgraphics/batik-squiggle-ext/1.13/batik-svgbrowser-1.13.jar,file:/home/akshayakumar/.m2/repository/org/apache/xmlgraphics/batik-squiggle-ext/1.13/batik-anim-1.13.jar,file:/home/akshayakumar/.m2/repository/org/apache/xmlgraphics/batik-squiggle-ext/1.13/batik-bridge-1.13.jar,file:/home/akshayakumar/.m2/repository/org/apache/xmlgraphics/batik-squiggle-ext/1.13/batik-script-1.13.jar,file:/home/akshayakumar/.m2/repository/org/apache/xmlgraphics/batik-squiggle-ext/1.13/xmlgraphics-commons-2.4.jar,file:/home/akshayakumar/.m2/repository/org/apache/xmlgraphics/batik-squiggle-ext/1.13/commons-io-1.3.2.jar,file:/home/akshayakumar/.m2/repository/org/apache/xmlgraphics/batik-squiggle-ext/1.13/commons-logging-1.2.jar,file:/home/akshayakumar/.m2/repository/org/apache/xmlgraphics/batik-squiggle-ext/1.13/batik-dom-1.13.jar,file:/home/akshayakumar/.m2/repository/org/apache/xmlgraphics/batik-squiggle-ext/1.13/xalan-2.7.2.jar,file:/home/akshayakumar/.m2/repository/org/apache/xmlgraphics/batik-squiggle-ext/1.13/serializer-2.7.2.jar,file:/home/akshayakumar/.m2/repository/org/apache/xmlgraphics/batik-squiggle-ext/1.13/xml-apis-1.4.01.jar,file:/home/akshayakumar/.m2/repository/org/apache/xmlgraphics/batik-squiggle-ext/1.13/batik-gvt-1.13.jar,file:/home/akshayakumar/.m2/repository/org/apache/xmlgraphics/batik-squiggle-ext/1.13/batik-swing-1.13.jar,file:/home/akshayakumar/.m2/repository/org/apache/xmlgraphics/batik-squiggle-ext/1.13/batik-gui-util-1.13.jar,file:/home/akshayakumar/.m2/repository/org/apache/xmlgraphics/batik-squiggle-ext/1.13/batik-transcoder-1.13.jar,file:/home/akshayakumar/.m2/repository/org/apache/xmlgraphics/batik-squiggle-ext/1.13/batik-svggen-1.13.jar,file:/home/akshayakumar/.m2/repository/org/apache/xmlgraphics/batik-squiggle-ext/1.13/batik-util-1.13.jar,file:/home/akshayakumar/.m2/repository/org/apache/xmlgraphics/batik-squiggle-ext/1.13/batik-constants-1.13.jar,file:/home/akshayakumar/.m2/repository/org/apache/xmlgraphics/batik-squiggle-ext/1.13/batik-i18n-1.13.jar,file:/home/akshayakumar/.m2/repository/org/apache/xmlgraphics/batik-squiggle-ext/1.13/batik-xml-1.13.jar,file:/home/akshayakumar/.m2/repository/org/apache/xmlgraphics/batik-squiggle-ext/1.13/xml-apis-ext-1.3.04.jar,file:/home/akshayakumar/.m2/repository/org/apache/xmlgraphics/batik-squiggle-ext/1.13/batik-extension-1.13.jar,file:/home/akshayakumar/.m2/repository/org/apache/xmlgraphics/batik-squiggle-ext/1.13/batik-awt-util-1.13.jar,file:/home/akshayakumar/.m2/repository/org/apache/xmlgraphics/batik-squiggle-ext/1.13/batik-css-1.13.jar,file:/home/akshayakumar/.m2/repository/org/apache/xmlgraphics/batik-squiggle-ext/1.13/batik-ext-1.13.jar,file:/home/akshayakumar/.m2/repository/org/apache/xmlgraphics/batik-squiggle-ext/1.13/batik-parser-1.13.jar,file:/home/akshayakumar/.m2/repository/org/apache/xmlgraphics/batik-squiggle-ext/1.13/batik-svg-dom-1.13.jar
2024-06-05 10:43:50 INFO  o.s.b.d.restart.ChangeableUrls - The Class-Path manifest attribute in /home/akshayakumar/.m2/repository/org/apache/xmlgraphics/batik-squiggle/1.13/batik-squiggle-1.13.jar referenced one or more files that do not exist: file:/home/akshayakumar/.m2/repository/org/apache/xmlgraphics/batik-squiggle/1.13/lib/batik-shared-resources-1.13.jar,file:/home/akshayakumar/.m2/repository/org/apache/xmlgraphics/batik-squiggle/1.13/lib/batik-svgbrowser-1.13.jar,file:/home/akshayakumar/.m2/repository/org/apache/xmlgraphics/batik-squiggle/1.13/lib/batik-anim-1.13.jar,file:/home/akshayakumar/.m2/repository/org/apache/xmlgraphics/batik-squiggle/1.13/lib/batik-awt-util-1.13.jar,file:/home/akshayakumar/.m2/repository/org/apache/xmlgraphics/batik-squiggle/1.13/lib/batik-css-1.13.jar,file:/home/akshayakumar/.m2/repository/org/apache/xmlgraphics/batik-squiggle/1.13/lib/batik-ext-1.13.jar,file:/home/akshayakumar/.m2/repository/org/apache/xmlgraphics/batik-squiggle/1.13/lib/batik-parser-1.13.jar,file:/home/akshayakumar/.m2/repository/org/apache/xmlgraphics/batik-squiggle/1.13/lib/batik-svg-dom-1.13.jar,file:/home/akshayakumar/.m2/repository/org/apache/xmlgraphics/batik-squiggle/1.13/lib/batik-bridge-1.13.jar,file:/home/akshayakumar/.m2/repository/org/apache/xmlgraphics/batik-squiggle/1.13/lib/batik-script-1.13.jar,file:/home/akshayakumar/.m2/repository/org/apache/xmlgraphics/batik-squiggle/1.13/lib/xmlgraphics-commons-2.4.jar,file:/home/akshayakumar/.m2/repository/org/apache/xmlgraphics/batik-squiggle/1.13/lib/commons-io-1.3.2.jar,file:/home/akshayakumar/.m2/repository/org/apache/xmlgraphics/batik-squiggle/1.13/lib/commons-logging-1.2.jar,file:/home/akshayakumar/.m2/repository/org/apache/xmlgraphics/batik-squiggle/1.13/lib/batik-dom-1.13.jar,file:/home/akshayakumar/.m2/repository/org/apache/xmlgraphics/batik-squiggle/1.13/lib/xalan-2.7.2.jar,file:/home/akshayakumar/.m2/repository/org/apache/xmlgraphics/batik-squiggle/1.13/lib/serializer-2.7.2.jar,file:/home/akshayakumar/.m2/repository/org/apache/xmlgraphics/batik-squiggle/1.13/lib/xml-apis-1.4.01.jar,file:/home/akshayakumar/.m2/repository/org/apache/xmlgraphics/batik-squiggle/1.13/lib/batik-gvt-1.13.jar,file:/home/akshayakumar/.m2/repository/org/apache/xmlgraphics/batik-squiggle/1.13/lib/batik-swing-1.13.jar,file:/home/akshayakumar/.m2/repository/org/apache/xmlgraphics/batik-squiggle/1.13/lib/batik-gui-util-1.13.jar,file:/home/akshayakumar/.m2/repository/org/apache/xmlgraphics/batik-squiggle/1.13/lib/batik-transcoder-1.13.jar,file:/home/akshayakumar/.m2/repository/org/apache/xmlgraphics/batik-squiggle/1.13/lib/batik-svggen-1.13.jar,file:/home/akshayakumar/.m2/repository/org/apache/xmlgraphics/batik-squiggle/1.13/lib/batik-util-1.13.jar,file:/home/akshayakumar/.m2/repository/org/apache/xmlgraphics/batik-squiggle/1.13/lib/batik-constants-1.13.jar,file:/home/akshayakumar/.m2/repository/org/apache/xmlgraphics/batik-squiggle/1.13/lib/batik-i18n-1.13.jar,file:/home/akshayakumar/.m2/repository/org/apache/xmlgraphics/batik-squiggle/1.13/lib/batik-xml-1.13.jar,file:/home/akshayakumar/.m2/repository/org/apache/xmlgraphics/batik-squiggle/1.13/lib/xml-apis-ext-1.3.04.jar
2024-06-05 10:43:50 INFO  o.s.b.d.restart.ChangeableUrls - The Class-Path manifest attribute in /home/akshayakumar/.m2/repository/org/apache/xmlgraphics/batik-svgpp/1.13/batik-svgpp-1.13.jar referenced one or more files that do not exist: file:/home/akshayakumar/.m2/repository/org/apache/xmlgraphics/batik-svgpp/1.13/lib/batik-shared-resources-1.13.jar,file:/home/akshayakumar/.m2/repository/org/apache/xmlgraphics/batik-svgpp/1.13/lib/batik-transcoder-1.13.jar,file:/home/akshayakumar/.m2/repository/org/apache/xmlgraphics/batik-svgpp/1.13/lib/batik-anim-1.13.jar,file:/home/akshayakumar/.m2/repository/org/apache/xmlgraphics/batik-svgpp/1.13/lib/batik-css-1.13.jar,file:/home/akshayakumar/.m2/repository/org/apache/xmlgraphics/batik-svgpp/1.13/lib/batik-ext-1.13.jar,file:/home/akshayakumar/.m2/repository/org/apache/xmlgraphics/batik-svgpp/1.13/lib/batik-parser-1.13.jar,file:/home/akshayakumar/.m2/repository/org/apache/xmlgraphics/batik-svgpp/1.13/lib/batik-svg-dom-1.13.jar,file:/home/akshayakumar/.m2/repository/org/apache/xmlgraphics/batik-svgpp/1.13/lib/batik-awt-util-1.13.jar,file:/home/akshayakumar/.m2/repository/org/apache/xmlgraphics/batik-svgpp/1.13/lib/xmlgraphics-commons-2.4.jar,file:/home/akshayakumar/.m2/repository/org/apache/xmlgraphics/batik-svgpp/1.13/lib/commons-io-1.3.2.jar,file:/home/akshayakumar/.m2/repository/org/apache/xmlgraphics/batik-svgpp/1.13/lib/commons-logging-1.2.jar,file:/home/akshayakumar/.m2/repository/org/apache/xmlgraphics/batik-svgpp/1.13/lib/batik-bridge-1.13.jar,file:/home/akshayakumar/.m2/repository/org/apache/xmlgraphics/batik-svgpp/1.13/lib/batik-script-1.13.jar,file:/home/akshayakumar/.m2/repository/org/apache/xmlgraphics/batik-svgpp/1.13/lib/batik-dom-1.13.jar,file:/home/akshayakumar/.m2/repository/org/apache/xmlgraphics/batik-svgpp/1.13/lib/xalan-2.7.2.jar,file:/home/akshayakumar/.m2/repository/org/apache/xmlgraphics/batik-svgpp/1.13/lib/serializer-2.7.2.jar,file:/home/akshayakumar/.m2/repository/org/apache/xmlgraphics/batik-svgpp/1.13/lib/xml-apis-1.4.01.jar,file:/home/akshayakumar/.m2/repository/org/apache/xmlgraphics/batik-svgpp/1.13/lib/batik-gvt-1.13.jar,file:/home/akshayakumar/.m2/repository/org/apache/xmlgraphics/batik-svgpp/1.13/lib/batik-svggen-1.13.jar,file:/home/akshayakumar/.m2/repository/org/apache/xmlgraphics/batik-svgpp/1.13/lib/batik-xml-1.13.jar,file:/home/akshayakumar/.m2/repository/org/apache/xmlgraphics/batik-svgpp/1.13/lib/xml-apis-ext-1.3.04.jar,file:/home/akshayakumar/.m2/repository/org/apache/xmlgraphics/batik-svgpp/1.13/lib/batik-util-1.13.jar,file:/home/akshayakumar/.m2/repository/org/apache/xmlgraphics/batik-svgpp/1.13/lib/batik-constants-1.13.jar,file:/home/akshayakumar/.m2/repository/org/apache/xmlgraphics/batik-svgpp/1.13/lib/batik-i18n-1.13.jar
2024-06-05 10:43:50 INFO  o.s.b.d.restart.ChangeableUrls - The Class-Path manifest attribute in /home/akshayakumar/.m2/repository/org/apache/xmlgraphics/batik-ttf2svg/1.13/batik-ttf2svg-1.13.jar referenced one or more files that do not exist: file:/home/akshayakumar/.m2/repository/org/apache/xmlgraphics/batik-ttf2svg/1.13/lib/batik-shared-resources-1.13.jar,file:/home/akshayakumar/.m2/repository/org/apache/xmlgraphics/batik-ttf2svg/1.13/lib/batik-svggen-1.13.jar,file:/home/akshayakumar/.m2/repository/org/apache/xmlgraphics/batik-ttf2svg/1.13/lib/batik-awt-util-1.13.jar,file:/home/akshayakumar/.m2/repository/org/apache/xmlgraphics/batik-ttf2svg/1.13/lib/xmlgraphics-commons-2.4.jar,file:/home/akshayakumar/.m2/repository/org/apache/xmlgraphics/batik-ttf2svg/1.13/lib/commons-io-1.3.2.jar,file:/home/akshayakumar/.m2/repository/org/apache/xmlgraphics/batik-ttf2svg/1.13/lib/commons-logging-1.2.jar,file:/home/akshayakumar/.m2/repository/org/apache/xmlgraphics/batik-ttf2svg/1.13/lib/batik-util-1.13.jar,file:/home/akshayakumar/.m2/repository/org/apache/xmlgraphics/batik-ttf2svg/1.13/lib/batik-constants-1.13.jar,file:/home/akshayakumar/.m2/repository/org/apache/xmlgraphics/batik-ttf2svg/1.13/lib/batik-i18n-1.13.jar
2024-06-05 10:43:50 INFO  o.s.b.d.e.DevToolsPropertyDefaultsPostProcessor - Devtools property defaults active! Set 'spring.devtools.add-properties' to 'false' to disable
2024-06-05 10:43:50 INFO  o.s.b.d.e.DevToolsPropertyDefaultsPostProcessor - For additional web related logging consider setting the 'logging.level.web' property to 'DEBUG'
2024-06-05 10:43:51 INFO  o.s.d.r.c.RepositoryConfigurationDelegate - Bootstrapping Spring Data JDBC repositories in DEFAULT mode.
2024-06-05 10:43:51 INFO  o.s.d.r.c.RepositoryConfigurationDelegate - Finished Spring Data repository scanning in 9 ms. Found 0 JDBC repository interfaces.
2024-06-05 10:43:51 INFO  o.s.b.w.e.tomcat.TomcatWebServer - Tomcat initialized with port(s): 8080 (http)
2024-06-05 10:43:52 INFO  o.a.catalina.core.StandardService - Starting service [Tomcat]
2024-06-05 10:43:52 INFO  o.a.catalina.core.StandardEngine - Starting Servlet engine: [Apache Tomcat/9.0.82]
2024-06-05 10:43:52 INFO  o.a.c.c.C.[Tomcat].[localhost].[/] - Initializing Spring embedded WebApplicationContext
2024-06-05 10:43:52 INFO  o.s.b.w.s.c.ServletWebServerApplicationContext - Root WebApplicationContext: initialization completed in 1652 ms
2024-06-05 10:43:52 INFO  com.zaxxer.hikari.HikariDataSource - HikariPool-1 - Starting...
2024-06-05 10:43:54 ERROR com.zaxxer.hikari.pool.HikariPool - HikariPool-1 - Exception during pool initialization.
java.sql.SQLException: Access denied for user 'root'@'localhost'
	at com.mysql.cj.jdbc.exceptions.SQLError.createSQLException(SQLError.java:130)
	at com.mysql.cj.jdbc.exceptions.SQLExceptionsMapping.translateException(SQLExceptionsMapping.java:122)
	at com.mysql.cj.jdbc.ConnectionImpl.createNewIO(ConnectionImpl.java:825)
	at com.mysql.cj.jdbc.ConnectionImpl.<init>(ConnectionImpl.java:446)
	at com.mysql.cj.jdbc.ConnectionImpl.getInstance(ConnectionImpl.java:239)
	at com.mysql.cj.jdbc.NonRegisteringDriver.connect(NonRegisteringDriver.java:188)
	at com.zaxxer.hikari.util.DriverDataSource.getConnection(DriverDataSource.java:138)
	at com.zaxxer.hikari.pool.PoolBase.newConnection(PoolBase.java:364)
	at com.zaxxer.hikari.pool.PoolBase.newPoolEntry(PoolBase.java:206)
	at com.zaxxer.hikari.pool.HikariPool.createPoolEntry(HikariPool.java:476)
	at com.zaxxer.hikari.pool.HikariPool.checkFailFast(HikariPool.java:561)
	at com.zaxxer.hikari.pool.HikariPool.<init>(HikariPool.java:115)
	at com.zaxxer.hikari.HikariDataSource.getConnection(HikariDataSource.java:112)
	at org.springframework.jdbc.datasource.DataSourceUtils.fetchConnection(DataSourceUtils.java:160)
	at org.springframework.jdbc.datasource.DataSourceUtils.doGetConnection(DataSourceUtils.java:118)
	at org.springframework.jdbc.datasource.DataSourceUtils.getConnection(DataSourceUtils.java:81)
	at org.springframework.jdbc.core.JdbcTemplate.execute(JdbcTemplate.java:332)
	at org.springframework.data.jdbc.repository.config.DialectResolver$DefaultDialectProvider.getDialect(DialectResolver.java:108)
	at org.springframework.data.jdbc.repository.config.DialectResolver.lambda$getDialect$0(DialectResolver.java:78)
	at java.base/java.util.stream.ReferencePipeline$3$1.accept(ReferencePipeline.java:197)
	at java.base/java.util.ArrayList$ArrayListSpliterator.tryAdvance(ArrayList.java:1602)
	at java.base/java.util.stream.ReferencePipeline.forEachWithCancel(ReferencePipeline.java:129)
	at java.base/java.util.stream.AbstractPipeline.copyIntoWithCancel(AbstractPipeline.java:527)
	at java.base/java.util.stream.AbstractPipeline.copyInto(AbstractPipeline.java:513)
	at java.base/java.util.stream.AbstractPipeline.wrapAndCopyInto(AbstractPipeline.java:499)
	at java.base/java.util.stream.FindOps$FindOp.evaluateSequential(FindOps.java:150)
	at java.base/java.util.stream.AbstractPipeline.evaluate(AbstractPipeline.java:234)
	at java.base/java.util.stream.ReferencePipeline.findFirst(ReferencePipeline.java:647)
	at org.springframework.data.jdbc.repository.config.DialectResolver.getDialect(DialectResolver.java:80)
	at org.springframework.data.jdbc.repository.config.AbstractJdbcConfiguration.jdbcDialect(AbstractJdbcConfiguration.java:186)
	at java.base/jdk.internal.reflect.NativeMethodAccessorImpl.invoke0(Native Method)
	at java.base/jdk.internal.reflect.NativeMethodAccessorImpl.invoke(NativeMethodAccessorImpl.java:77)
	at java.base/jdk.internal.reflect.DelegatingMethodAccessorImpl.invoke(DelegatingMethodAccessorImpl.java:43)
	at java.base/java.lang.reflect.Method.invoke(Method.java:568)
	at org.springframework.beans.factory.support.SimpleInstantiationStrategy.instantiate(SimpleInstantiationStrategy.java:154)
	at org.springframework.beans.factory.support.ConstructorResolver.instantiate(ConstructorResolver.java:648)
	at org.springframework.beans.factory.support.ConstructorResolver.instantiateUsingFactoryMethod(ConstructorResolver.java:633)
	at org.springframework.beans.factory.support.AbstractAutowireCapableBeanFactory.instantiateUsingFactoryMethod(AbstractAutowireCapableBeanFactory.java:1352)
	at org.springframework.beans.factory.support.AbstractAutowireCapableBeanFactory.createBeanInstance(AbstractAutowireCapableBeanFactory.java:1195)
	at org.springframework.beans.factory.support.AbstractAutowireCapableBeanFactory.doCreateBean(AbstractAutowireCapableBeanFactory.java:582)
	at org.springframework.beans.factory.support.AbstractAutowireCapableBeanFactory.createBean(AbstractAutowireCapableBeanFactory.java:542)
	at org.springframework.beans.factory.support.AbstractBeanFactory.lambda$doGetBean$0(AbstractBeanFactory.java:335)
	at org.springframework.beans.factory.support.DefaultSingletonBeanRegistry.getSingleton(DefaultSingletonBeanRegistry.java:234)
	at org.springframework.beans.factory.support.AbstractBeanFactory.doGetBean(AbstractBeanFactory.java:333)
	at org.springframework.beans.factory.support.AbstractBeanFactory.getBean(AbstractBeanFactory.java:233)
	at org.springframework.beans.factory.support.DefaultListableBeanFactory.resolveNamedBean(DefaultListableBeanFactory.java:1284)
	at org.springframework.beans.factory.support.DefaultListableBeanFactory.resolveNamedBean(DefaultListableBeanFactory.java:1245)
	at org.springframework.beans.factory.support.DefaultListableBeanFactory.resolveBean(DefaultListableBeanFactory.java:494)
	at org.springframework.beans.factory.support.DefaultListableBeanFactory.getBean(DefaultListableBeanFactory.java:349)
	at org.springframework.beans.factory.support.DefaultListableBeanFactory.getBean(DefaultListableBeanFactory.java:342)
	at org.springframework.context.support.AbstractApplicationContext.getBean(AbstractApplicationContext.java:1178)
	at org.springframework.data.jdbc.repository.config.AbstractJdbcConfiguration.jdbcCustomConversions(AbstractJdbcConfiguration.java:117)
	at java.base/jdk.internal.reflect.NativeMethodAccessorImpl.invoke0(Native Method)
	at java.base/jdk.internal.reflect.NativeMethodAccessorImpl.invoke(NativeMethodAccessorImpl.java:77)
	at java.base/jdk.internal.reflect.DelegatingMethodAccessorImpl.invoke(DelegatingMethodAccessorImpl.java:43)
	at java.base/java.lang.reflect.Method.invoke(Method.java:568)
	at org.springframework.beans.factory.support.SimpleInstantiationStrategy.instantiate(SimpleInstantiationStrategy.java:154)
	at org.springframework.beans.factory.support.ConstructorResolver.instantiate(ConstructorResolver.java:648)
	at org.springframework.beans.factory.support.ConstructorResolver.instantiateUsingFactoryMethod(ConstructorResolver.java:481)
	at org.springframework.beans.factory.support.AbstractAutowireCapableBeanFactory.instantiateUsingFactoryMethod(AbstractAutowireCapableBeanFactory.java:1352)
	at org.springframework.beans.factory.support.AbstractAutowireCapableBeanFactory.createBeanInstance(AbstractAutowireCapableBeanFactory.java:1195)
	at org.springframework.beans.factory.support.AbstractAutowireCapableBeanFactory.doCreateBean(AbstractAutowireCapableBeanFactory.java:582)
	at org.springframework.beans.factory.support.AbstractAutowireCapableBeanFactory.createBean(AbstractAutowireCapableBeanFactory.java:542)
	at org.springframework.beans.factory.support.AbstractBeanFactory.lambda$doGetBean$0(AbstractBeanFactory.java:335)
	at org.springframework.beans.factory.support.DefaultSingletonBeanRegistry.getSingleton(DefaultSingletonBeanRegistry.java:234)
	at org.springframework.beans.factory.support.AbstractBeanFactory.doGetBean(AbstractBeanFactory.java:333)
	at org.springframework.beans.factory.support.AbstractBeanFactory.getBean(AbstractBeanFactory.java:208)
	at org.springframework.beans.factory.config.DependencyDescriptor.resolveCandidate(DependencyDescriptor.java:276)
	at org.springframework.beans.factory.support.DefaultListableBeanFactory.doResolveDependency(DefaultListableBeanFactory.java:1391)
	at org.springframework.beans.factory.support.DefaultListableBeanFactory.resolveDependency(DefaultListableBeanFactory.java:1311)
	at org.springframework.beans.factory.support.ConstructorResolver.resolveAutowiredArgument(ConstructorResolver.java:911)
	at org.springframework.beans.factory.support.ConstructorResolver.createArgumentArray(ConstructorResolver.java:788)
	at org.springframework.beans.factory.support.ConstructorResolver.instantiateUsingFactoryMethod(ConstructorResolver.java:536)
	at org.springframework.beans.factory.support.AbstractAutowireCapableBeanFactory.instantiateUsingFactoryMethod(AbstractAutowireCapableBeanFactory.java:1352)
	at org.springframework.beans.factory.support.AbstractAutowireCapableBeanFactory.createBeanInstance(AbstractAutowireCapableBeanFactory.java:1195)
	at org.springframework.beans.factory.support.AbstractAutowireCapableBeanFactory.doCreateBean(AbstractAutowireCapableBeanFactory.java:582)
	at org.springframework.beans.factory.support.AbstractAutowireCapableBeanFactory.createBean(AbstractAutowireCapableBeanFactory.java:542)
	at org.springframework.beans.factory.support.AbstractBeanFactory.lambda$doGetBean$0(AbstractBeanFactory.java:335)
	at org.springframework.beans.factory.support.DefaultSingletonBeanRegistry.getSingleton(DefaultSingletonBeanRegistry.java:234)
	at org.springframework.beans.factory.support.AbstractBeanFactory.doGetBean(AbstractBeanFactory.java:333)
	at org.springframework.beans.factory.support.AbstractBeanFactory.getBean(AbstractBeanFactory.java:208)
	at org.springframework.beans.factory.support.DefaultListableBeanFactory.preInstantiateSingletons(DefaultListableBeanFactory.java:955)
	at org.springframework.context.support.AbstractApplicationContext.finishBeanFactoryInitialization(AbstractApplicationContext.java:921)
	at org.springframework.context.support.AbstractApplicationContext.refresh(AbstractApplicationContext.java:583)
	at org.springframework.boot.web.servlet.context.ServletWebServerApplicationContext.refresh(ServletWebServerApplicationContext.java:147)
	at org.springframework.boot.SpringApplication.refresh(SpringApplication.java:732)
	at org.springframework.boot.SpringApplication.refreshContext(SpringApplication.java:409)
	at org.springframework.boot.SpringApplication.run(SpringApplication.java:308)
	at org.springframework.boot.SpringApplication.run(SpringApplication.java:1300)
	at org.springframework.boot.SpringApplication.run(SpringApplication.java:1289)
	at com.example.firstprogramInspring.FirstprojectzInSpringbootApplication.main(FirstprojectzInSpringbootApplication.java:15)
	at java.base/jdk.internal.reflect.NativeMethodAccessorImpl.invoke0(Native Method)
	at java.base/jdk.internal.reflect.NativeMethodAccessorImpl.invoke(NativeMethodAccessorImpl.java:77)
	at java.base/jdk.internal.reflect.DelegatingMethodAccessorImpl.invoke(DelegatingMethodAccessorImpl.java:43)
	at java.base/java.lang.reflect.Method.invoke(Method.java:568)
	at org.springframework.boot.devtools.restart.RestartLauncher.run(RestartLauncher.java:50)
2024-06-05 10:43:54 WARN  o.s.b.w.s.c.AnnotationConfigServletWebServerApplicationContext - Exception encountered during context initialization - cancelling refresh attempt: org.springframework.beans.factory.UnsatisfiedDependencyException: Error creating bean with name 'jdbcMappingContext' defined in class path resource [org/springframework/boot/autoconfigure/data/jdbc/JdbcRepositoriesAutoConfiguration$SpringBootJdbcConfiguration.class]: Unsatisfied dependency expressed through method 'jdbcMappingContext' parameter 1; nested exception is org.springframework.beans.factory.BeanCreationException: Error creating bean with name 'jdbcCustomConversions' defined in class path resource [org/springframework/boot/autoconfigure/data/jdbc/JdbcRepositoriesAutoConfiguration$SpringBootJdbcConfiguration.class]: Bean instantiation via factory method failed; nested exception is org.springframework.beans.BeanInstantiationException: Failed to instantiate [org.springframework.data.jdbc.core.convert.JdbcCustomConversions]: Factory method 'jdbcCustomConversions' threw exception; nested exception is org.springframework.beans.factory.BeanCreationException: Error creating bean with name 'jdbcDialect' defined in class path resource [org/springframework/boot/autoconfigure/data/jdbc/JdbcRepositoriesAutoConfiguration$SpringBootJdbcConfiguration.class]: Bean instantiation via factory method failed; nested exception is org.springframework.beans.BeanInstantiationException: Failed to instantiate [org.springframework.data.relational.core.dialect.Dialect]: Factory method 'jdbcDialect' threw exception; nested exception is org.springframework.jdbc.CannotGetJdbcConnectionException: Failed to obtain JDBC Connection; nested exception is java.sql.SQLException: Access denied for user 'root'@'localhost'
2024-06-05 10:43:54 INFO  o.a.catalina.core.StandardService - Stopping service [Tomcat]
2024-06-05 10:43:54 INFO  o.s.b.a.l.ConditionEvaluationReportLoggingListener - 

Error starting ApplicationContext. To display the conditions report re-run your application with 'debug' enabled.
2024-06-05 10:43:54 ERROR o.s.boot.SpringApplication - Application run failed
org.springframework.beans.factory.UnsatisfiedDependencyException: Error creating bean with name 'jdbcMappingContext' defined in class path resource [org/springframework/boot/autoconfigure/data/jdbc/JdbcRepositoriesAutoConfiguration$SpringBootJdbcConfiguration.class]: Unsatisfied dependency expressed through method 'jdbcMappingContext' parameter 1; nested exception is org.springframework.beans.factory.BeanCreationException: Error creating bean with name 'jdbcCustomConversions' defined in class path resource [org/springframework/boot/autoconfigure/data/jdbc/JdbcRepositoriesAutoConfiguration$SpringBootJdbcConfiguration.class]: Bean instantiation via factory method failed; nested exception is org.springframework.beans.BeanInstantiationException: Failed to instantiate [org.springframework.data.jdbc.core.convert.JdbcCustomConversions]: Factory method 'jdbcCustomConversions' threw exception; nested exception is org.springframework.beans.factory.BeanCreationException: Error creating bean with name 'jdbcDialect' defined in class path resource [org/springframework/boot/autoconfigure/data/jdbc/JdbcRepositoriesAutoConfiguration$SpringBootJdbcConfiguration.class]: Bean instantiation via factory method failed; nested exception is org.springframework.beans.BeanInstantiationException: Failed to instantiate [org.springframework.data.relational.core.dialect.Dialect]: Factory method 'jdbcDialect' threw exception; nested exception is org.springframework.jdbc.CannotGetJdbcConnectionException: Failed to obtain JDBC Connection; nested exception is java.sql.SQLException: Access denied for user 'root'@'localhost'
	at org.springframework.beans.factory.support.ConstructorResolver.createArgumentArray(ConstructorResolver.java:801)
	at org.springframework.beans.factory.support.ConstructorResolver.instantiateUsingFactoryMethod(ConstructorResolver.java:536)
	at org.springframework.beans.factory.support.AbstractAutowireCapableBeanFactory.instantiateUsingFactoryMethod(AbstractAutowireCapableBeanFactory.java:1352)
	at org.springframework.beans.factory.support.AbstractAutowireCapableBeanFactory.createBeanInstance(AbstractAutowireCapableBeanFactory.java:1195)
	at org.springframework.beans.factory.support.AbstractAutowireCapableBeanFactory.doCreateBean(AbstractAutowireCapableBeanFactory.java:582)
	at org.springframework.beans.factory.support.AbstractAutowireCapableBeanFactory.createBean(AbstractAutowireCapableBeanFactory.java:542)
	at org.springframework.beans.factory.support.AbstractBeanFactory.lambda$doGetBean$0(AbstractBeanFactory.java:335)
	at org.springframework.beans.factory.support.DefaultSingletonBeanRegistry.getSingleton(DefaultSingletonBeanRegistry.java:234)
	at org.springframework.beans.factory.support.AbstractBeanFactory.doGetBean(AbstractBeanFactory.java:333)
	at org.springframework.beans.factory.support.AbstractBeanFactory.getBean(AbstractBeanFactory.java:208)
	at org.springframework.beans.factory.support.DefaultListableBeanFactory.preInstantiateSingletons(DefaultListableBeanFactory.java:955)
	at org.springframework.context.support.AbstractApplicationContext.finishBeanFactoryInitialization(AbstractApplicationContext.java:921)
	at org.springframework.context.support.AbstractApplicationContext.refresh(AbstractApplicationContext.java:583)
	at org.springframework.boot.web.servlet.context.ServletWebServerApplicationContext.refresh(ServletWebServerApplicationContext.java:147)
	at org.springframework.boot.SpringApplication.refresh(SpringApplication.java:732)
	at org.springframework.boot.SpringApplication.refreshContext(SpringApplication.java:409)
	at org.springframework.boot.SpringApplication.run(SpringApplication.java:308)
	at org.springframework.boot.SpringApplication.run(SpringApplication.java:1300)
	at org.springframework.boot.SpringApplication.run(SpringApplication.java:1289)
	at com.example.firstprogramInspring.FirstprojectzInSpringbootApplication.main(FirstprojectzInSpringbootApplication.java:15)
	at java.base/jdk.internal.reflect.NativeMethodAccessorImpl.invoke0(Native Method)
	at java.base/jdk.internal.reflect.NativeMethodAccessorImpl.invoke(NativeMethodAccessorImpl.java:77)
	at java.base/jdk.internal.reflect.DelegatingMethodAccessorImpl.invoke(DelegatingMethodAccessorImpl.java:43)
	at java.base/java.lang.reflect.Method.invoke(Method.java:568)
	at org.springframework.boot.devtools.restart.RestartLauncher.run(RestartLauncher.java:50)
Caused by: org.springframework.beans.factory.BeanCreationException: Error creating bean with name 'jdbcCustomConversions' defined in class path resource [org/springframework/boot/autoconfigure/data/jdbc/JdbcRepositoriesAutoConfiguration$SpringBootJdbcConfiguration.class]: Bean instantiation via factory method failed; nested exception is org.springframework.beans.BeanInstantiationException: Failed to instantiate [org.springframework.data.jdbc.core.convert.JdbcCustomConversions]: Factory method 'jdbcCustomConversions' threw exception; nested exception is org.springframework.beans.factory.BeanCreationException: Error creating bean with name 'jdbcDialect' defined in class path resource [org/springframework/boot/autoconfigure/data/jdbc/JdbcRepositoriesAutoConfiguration$SpringBootJdbcConfiguration.class]: Bean instantiation via factory method failed; nested exception is org.springframework.beans.BeanInstantiationException: Failed to instantiate [org.springframework.data.relational.core.dialect.Dialect]: Factory method 'jdbcDialect' threw exception; nested exception is org.springframework.jdbc.CannotGetJdbcConnectionException: Failed to obtain JDBC Connection; nested exception is java.sql.SQLException: Access denied for user 'root'@'localhost'
	at org.springframework.beans.factory.support.ConstructorResolver.instantiate(ConstructorResolver.java:653)
	at org.springframework.beans.factory.support.ConstructorResolver.instantiateUsingFactoryMethod(ConstructorResolver.java:481)
	at org.springframework.beans.factory.support.AbstractAutowireCapableBeanFactory.instantiateUsingFactoryMethod(AbstractAutowireCapableBeanFactory.java:1352)
	at org.springframework.beans.factory.support.AbstractAutowireCapableBeanFactory.createBeanInstance(AbstractAutowireCapableBeanFactory.java:1195)
	at org.springframework.beans.factory.support.AbstractAutowireCapableBeanFactory.doCreateBean(AbstractAutowireCapableBeanFactory.java:582)
	at org.springframework.beans.factory.support.AbstractAutowireCapableBeanFactory.createBean(AbstractAutowireCapableBeanFactory.java:542)
	at org.springframework.beans.factory.support.AbstractBeanFactory.lambda$doGetBean$0(AbstractBeanFactory.java:335)
	at org.springframework.beans.factory.support.DefaultSingletonBeanRegistry.getSingleton(DefaultSingletonBeanRegistry.java:234)
	at org.springframework.beans.factory.support.AbstractBeanFactory.doGetBean(AbstractBeanFactory.java:333)
	at org.springframework.beans.factory.support.AbstractBeanFactory.getBean(AbstractBeanFactory.java:208)
	at org.springframework.beans.factory.config.DependencyDescriptor.resolveCandidate(DependencyDescriptor.java:276)
	at org.springframework.beans.factory.support.DefaultListableBeanFactory.doResolveDependency(DefaultListableBeanFactory.java:1391)
	at org.springframework.beans.factory.support.DefaultListableBeanFactory.resolveDependency(DefaultListableBeanFactory.java:1311)
	at org.springframework.beans.factory.support.ConstructorResolver.resolveAutowiredArgument(ConstructorResolver.java:911)
	at org.springframework.beans.factory.support.ConstructorResolver.createArgumentArray(ConstructorResolver.java:788)
	... 24 common frames omitted
Caused by: org.springframework.beans.BeanInstantiationException: Failed to instantiate [org.springframework.data.jdbc.core.convert.JdbcCustomConversions]: Factory method 'jdbcCustomConversions' threw exception; nested exception is org.springframework.beans.factory.BeanCreationException: Error creating bean with name 'jdbcDialect' defined in class path resource [org/springframework/boot/autoconfigure/data/jdbc/JdbcRepositoriesAutoConfiguration$SpringBootJdbcConfiguration.class]: Bean instantiation via factory method failed; nested exception is org.springframework.beans.BeanInstantiationException: Failed to instantiate [org.springframework.data.relational.core.dialect.Dialect]: Factory method 'jdbcDialect' threw exception; nested exception is org.springframework.jdbc.CannotGetJdbcConnectionException: Failed to obtain JDBC Connection; nested exception is java.sql.SQLException: Access denied for user 'root'@'localhost'
	at org.springframework.beans.factory.support.SimpleInstantiationStrategy.instantiate(SimpleInstantiationStrategy.java:185)
	at org.springframework.beans.factory.support.ConstructorResolver.instantiate(ConstructorResolver.java:648)
	... 38 common frames omitted
Caused by: org.springframework.beans.factory.BeanCreationException: Error creating bean with name 'jdbcDialect' defined in class path resource [org/springframework/boot/autoconfigure/data/jdbc/JdbcRepositoriesAutoConfiguration$SpringBootJdbcConfiguration.class]: Bean instantiation via factory method failed; nested exception is org.springframework.beans.BeanInstantiationException: Failed to instantiate [org.springframework.data.relational.core.dialect.Dialect]: Factory method 'jdbcDialect' threw exception; nested exception is org.springframework.jdbc.CannotGetJdbcConnectionException: Failed to obtain JDBC Connection; nested exception is java.sql.SQLException: Access denied for user 'root'@'localhost'
	at org.springframework.beans.factory.support.ConstructorResolver.instantiate(ConstructorResolver.java:653)
	at org.springframework.beans.factory.support.ConstructorResolver.instantiateUsingFactoryMethod(ConstructorResolver.java:633)
	at org.springframework.beans.factory.support.AbstractAutowireCapableBeanFactory.instantiateUsingFactoryMethod(AbstractAutowireCapableBeanFactory.java:1352)
	at org.springframework.beans.factory.support.AbstractAutowireCapableBeanFactory.createBeanInstance(AbstractAutowireCapableBeanFactory.java:1195)
	at org.springframework.beans.factory.support.AbstractAutowireCapableBeanFactory.doCreateBean(AbstractAutowireCapableBeanFactory.java:582)
	at org.springframework.beans.factory.support.AbstractAutowireCapableBeanFactory.createBean(AbstractAutowireCapableBeanFactory.java:542)
	at org.springframework.beans.factory.support.AbstractBeanFactory.lambda$doGetBean$0(AbstractBeanFactory.java:335)
	at org.springframework.beans.factory.support.DefaultSingletonBeanRegistry.getSingleton(DefaultSingletonBeanRegistry.java:234)
	at org.springframework.beans.factory.support.AbstractBeanFactory.doGetBean(AbstractBeanFactory.java:333)
	at org.springframework.beans.factory.support.AbstractBeanFactory.getBean(AbstractBeanFactory.java:233)
	at org.springframework.beans.factory.support.DefaultListableBeanFactory.resolveNamedBean(DefaultListableBeanFactory.java:1284)
	at org.springframework.beans.factory.support.DefaultListableBeanFactory.resolveNamedBean(DefaultListableBeanFactory.java:1245)
	at org.springframework.beans.factory.support.DefaultListableBeanFactory.resolveBean(DefaultListableBeanFactory.java:494)
	at org.springframework.beans.factory.support.DefaultListableBeanFactory.getBean(DefaultListableBeanFactory.java:349)
	at org.springframework.beans.factory.support.DefaultListableBeanFactory.getBean(DefaultListableBeanFactory.java:342)
	at org.springframework.context.support.AbstractApplicationContext.getBean(AbstractApplicationContext.java:1178)
	at org.springframework.data.jdbc.repository.config.AbstractJdbcConfiguration.jdbcCustomConversions(AbstractJdbcConfiguration.java:117)
	at java.base/jdk.internal.reflect.NativeMethodAccessorImpl.invoke0(Native Method)
	at java.base/jdk.internal.reflect.NativeMethodAccessorImpl.invoke(NativeMethodAccessorImpl.java:77)
	at java.base/jdk.internal.reflect.DelegatingMethodAccessorImpl.invoke(DelegatingMethodAccessorImpl.java:43)
	at java.base/java.lang.reflect.Method.invoke(Method.java:568)
	at org.springframework.beans.factory.support.SimpleInstantiationStrategy.instantiate(SimpleInstantiationStrategy.java:154)
	... 39 common frames omitted
Caused by: org.springframework.beans.BeanInstantiationException: Failed to instantiate [org.springframework.data.relational.core.dialect.Dialect]: Factory method 'jdbcDialect' threw exception; nested exception is org.springframework.jdbc.CannotGetJdbcConnectionException: Failed to obtain JDBC Connection; nested exception is java.sql.SQLException: Access denied for user 'root'@'localhost'
	at org.springframework.beans.factory.support.SimpleInstantiationStrategy.instantiate(SimpleInstantiationStrategy.java:185)
	at org.springframework.beans.factory.support.ConstructorResolver.instantiate(ConstructorResolver.java:648)
	... 60 common frames omitted
Caused by: org.springframework.jdbc.CannotGetJdbcConnectionException: Failed to obtain JDBC Connection; nested exception is java.sql.SQLException: Access denied for user 'root'@'localhost'
	at org.springframework.jdbc.datasource.DataSourceUtils.getConnection(DataSourceUtils.java:84)
	at org.springframework.jdbc.core.JdbcTemplate.execute(JdbcTemplate.java:332)
	at org.springframework.data.jdbc.repository.config.DialectResolver$DefaultDialectProvider.getDialect(DialectResolver.java:108)
	at org.springframework.data.jdbc.repository.config.DialectResolver.lambda$getDialect$0(DialectResolver.java:78)
	at java.base/java.util.stream.ReferencePipeline$3$1.accept(ReferencePipeline.java:197)
	at java.base/java.util.ArrayList$ArrayListSpliterator.tryAdvance(ArrayList.java:1602)
	at java.base/java.util.stream.ReferencePipeline.forEachWithCancel(ReferencePipeline.java:129)
	at java.base/java.util.stream.AbstractPipeline.copyIntoWithCancel(AbstractPipeline.java:527)
	at java.base/java.util.stream.AbstractPipeline.copyInto(AbstractPipeline.java:513)
	at java.base/java.util.stream.AbstractPipeline.wrapAndCopyInto(AbstractPipeline.java:499)
	at java.base/java.util.stream.FindOps$FindOp.evaluateSequential(FindOps.java:150)
	at java.base/java.util.stream.AbstractPipeline.evaluate(AbstractPipeline.java:234)
	at java.base/java.util.stream.ReferencePipeline.findFirst(ReferencePipeline.java:647)
	at org.springframework.data.jdbc.repository.config.DialectResolver.getDialect(DialectResolver.java:80)
	at org.springframework.data.jdbc.repository.config.AbstractJdbcConfiguration.jdbcDialect(AbstractJdbcConfiguration.java:186)
	at java.base/jdk.internal.reflect.NativeMethodAccessorImpl.invoke0(Native Method)
	at java.base/jdk.internal.reflect.NativeMethodAccessorImpl.invoke(NativeMethodAccessorImpl.java:77)
	at java.base/jdk.internal.reflect.DelegatingMethodAccessorImpl.invoke(DelegatingMethodAccessorImpl.java:43)
	at java.base/java.lang.reflect.Method.invoke(Method.java:568)
	at org.springframework.beans.factory.support.SimpleInstantiationStrategy.instantiate(SimpleInstantiationStrategy.java:154)
	... 61 common frames omitted
Caused by: java.sql.SQLException: Access denied for user 'root'@'localhost'
	at com.mysql.cj.jdbc.exceptions.SQLError.createSQLException(SQLError.java:130)
	at com.mysql.cj.jdbc.exceptions.SQLExceptionsMapping.translateException(SQLExceptionsMapping.java:122)
	at com.mysql.cj.jdbc.ConnectionImpl.createNewIO(ConnectionImpl.java:825)
	at com.mysql.cj.jdbc.ConnectionImpl.<init>(ConnectionImpl.java:446)
	at com.mysql.cj.jdbc.ConnectionImpl.getInstance(ConnectionImpl.java:239)
	at com.mysql.cj.jdbc.NonRegisteringDriver.connect(NonRegisteringDriver.java:188)
	at com.zaxxer.hikari.util.DriverDataSource.getConnection(DriverDataSource.java:138)
	at com.zaxxer.hikari.pool.PoolBase.newConnection(PoolBase.java:364)
	at com.zaxxer.hikari.pool.PoolBase.newPoolEntry(PoolBase.java:206)
	at com.zaxxer.hikari.pool.HikariPool.createPoolEntry(HikariPool.java:476)
	at com.zaxxer.hikari.pool.HikariPool.checkFailFast(HikariPool.java:561)
	at com.zaxxer.hikari.pool.HikariPool.<init>(HikariPool.java:115)
	at com.zaxxer.hikari.HikariDataSource.getConnection(HikariDataSource.java:112)
	at org.springframework.jdbc.datasource.DataSourceUtils.fetchConnection(DataSourceUtils.java:160)
	at org.springframework.jdbc.datasource.DataSourceUtils.doGetConnection(DataSourceUtils.java:118)
	at org.springframework.jdbc.datasource.DataSourceUtils.getConnection(DataSourceUtils.java:81)
	... 80 common frames omitted
2024-06-05 10:50:22 INFO  c.e.f.FirstprojectzInSpringbootApplication - Starting FirstprojectzInSpringbootApplication using Java 17.0.10 on nilaapps-Latitude-3420 with PID 6616 (/home/akshayakumar/Documents/firstprojectzInSpringboot/target/classes started by akshayakumar in /home/akshayakumar/Documents/firstprojectzInSpringboot)
2024-06-05 10:50:22 DEBUG c.e.f.FirstprojectzInSpringbootApplication - Running with Spring Boot v2.7.17-SNAPSHOT, Spring v5.3.30
2024-06-05 10:50:22 INFO  c.e.f.FirstprojectzInSpringbootApplication - No active profile set, falling back to 1 default profile: "default"
2024-06-05 10:50:22 INFO  o.s.b.d.restart.ChangeableUrls - The Class-Path manifest attribute in /home/akshayakumar/.m2/repository/xalan/xalan/2.7.2/xalan-2.7.2.jar referenced one or more files that do not exist: file:/home/akshayakumar/.m2/repository/xalan/xalan/2.7.2/xercesImpl.jar,file:/home/akshayakumar/.m2/repository/xalan/xalan/2.7.2/xml-apis.jar,file:/home/akshayakumar/.m2/repository/xalan/xalan/2.7.2/serializer.jar
2024-06-05 10:50:22 INFO  o.s.b.d.restart.ChangeableUrls - The Class-Path manifest attribute in /home/akshayakumar/.m2/repository/xalan/serializer/2.7.2/serializer-2.7.2.jar referenced one or more files that do not exist: file:/home/akshayakumar/.m2/repository/xalan/serializer/2.7.2/xml-apis.jar
2024-06-05 10:50:22 INFO  o.s.b.d.restart.ChangeableUrls - The Class-Path manifest attribute in /home/akshayakumar/.m2/repository/org/apache/xmlgraphics/batik-rasterizer-ext/1.13/batik-rasterizer-ext-1.13.jar referenced one or more files that do not exist: file:/home/akshayakumar/.m2/repository/org/apache/xmlgraphics/batik-rasterizer-ext/1.13/batik-shared-resources-1.13.jar,file:/home/akshayakumar/.m2/repository/org/apache/xmlgraphics/batik-rasterizer-ext/1.13/batik-svgrasterizer-1.13.jar,file:/home/akshayakumar/.m2/repository/org/apache/xmlgraphics/batik-rasterizer-ext/1.13/batik-parser-1.13.jar,file:/home/akshayakumar/.m2/repository/org/apache/xmlgraphics/batik-rasterizer-ext/1.13/batik-xml-1.13.jar,file:/home/akshayakumar/.m2/repository/org/apache/xmlgraphics/batik-rasterizer-ext/1.13/batik-transcoder-1.13.jar,file:/home/akshayakumar/.m2/repository/org/apache/xmlgraphics/batik-rasterizer-ext/1.13/batik-svggen-1.13.jar,file:/home/akshayakumar/.m2/repository/org/apache/xmlgraphics/batik-rasterizer-ext/1.13/batik-util-1.13.jar,file:/home/akshayakumar/.m2/repository/org/apache/xmlgraphics/batik-rasterizer-ext/1.13/batik-constants-1.13.jar,file:/home/akshayakumar/.m2/repository/org/apache/xmlgraphics/batik-rasterizer-ext/1.13/batik-i18n-1.13.jar,file:/home/akshayakumar/.m2/repository/org/apache/xmlgraphics/batik-rasterizer-ext/1.13/batik-codec-1.13.jar,file:/home/akshayakumar/.m2/repository/org/apache/xmlgraphics/batik-rasterizer-ext/1.13/batik-extension-1.13.jar,file:/home/akshayakumar/.m2/repository/org/apache/xmlgraphics/batik-rasterizer-ext/1.13/batik-anim-1.13.jar,file:/home/akshayakumar/.m2/repository/org/apache/xmlgraphics/batik-rasterizer-ext/1.13/batik-awt-util-1.13.jar,file:/home/akshayakumar/.m2/repository/org/apache/xmlgraphics/batik-rasterizer-ext/1.13/xmlgraphics-commons-2.4.jar,file:/home/akshayakumar/.m2/repository/org/apache/xmlgraphics/batik-rasterizer-ext/1.13/commons-io-1.3.2.jar,file:/home/akshayakumar/.m2/repository/org/apache/xmlgraphics/batik-rasterizer-ext/1.13/commons-logging-1.2.jar,file:/home/akshayakumar/.m2/repository/org/apache/xmlgraphics/batik-rasterizer-ext/1.13/batik-bridge-1.13.jar,file:/home/akshayakumar/.m2/repository/org/apache/xmlgraphics/batik-rasterizer-ext/1.13/batik-script-1.13.jar,file:/home/akshayakumar/.m2/repository/org/apache/xmlgraphics/batik-rasterizer-ext/1.13/batik-css-1.13.jar,file:/home/akshayakumar/.m2/repository/org/apache/xmlgraphics/batik-rasterizer-ext/1.13/batik-dom-1.13.jar,file:/home/akshayakumar/.m2/repository/org/apache/xmlgraphics/batik-rasterizer-ext/1.13/xalan-2.7.2.jar,file:/home/akshayakumar/.m2/repository/org/apache/xmlgraphics/batik-rasterizer-ext/1.13/serializer-2.7.2.jar,file:/home/akshayakumar/.m2/repository/org/apache/xmlgraphics/batik-rasterizer-ext/1.13/xml-apis-1.4.01.jar,file:/home/akshayakumar/.m2/repository/org/apache/xmlgraphics/batik-rasterizer-ext/1.13/batik-ext-1.13.jar,file:/home/akshayakumar/.m2/repository/org/apache/xmlgraphics/batik-rasterizer-ext/1.13/batik-gvt-1.13.jar,file:/home/akshayakumar/.m2/repository/org/apache/xmlgraphics/batik-rasterizer-ext/1.13/batik-svg-dom-1.13.jar,file:/home/akshayakumar/.m2/repository/org/apache/xmlgraphics/batik-rasterizer-ext/1.13/xml-apis-ext-1.3.04.jar
2024-06-05 10:50:22 INFO  o.s.b.d.restart.ChangeableUrls - The Class-Path manifest attribute in /home/akshayakumar/.m2/repository/org/apache/xmlgraphics/batik-rasterizer/1.13/batik-rasterizer-1.13.jar referenced one or more files that do not exist: file:/home/akshayakumar/.m2/repository/org/apache/xmlgraphics/batik-rasterizer/1.13/lib/batik-shared-resources-1.13.jar,file:/home/akshayakumar/.m2/repository/org/apache/xmlgraphics/batik-rasterizer/1.13/lib/batik-svgrasterizer-1.13.jar,file:/home/akshayakumar/.m2/repository/org/apache/xmlgraphics/batik-rasterizer/1.13/lib/batik-parser-1.13.jar,file:/home/akshayakumar/.m2/repository/org/apache/xmlgraphics/batik-rasterizer/1.13/lib/batik-awt-util-1.13.jar,file:/home/akshayakumar/.m2/repository/org/apache/xmlgraphics/batik-rasterizer/1.13/lib/xmlgraphics-commons-2.4.jar,file:/home/akshayakumar/.m2/repository/org/apache/xmlgraphics/batik-rasterizer/1.13/lib/commons-io-1.3.2.jar,file:/home/akshayakumar/.m2/repository/org/apache/xmlgraphics/batik-rasterizer/1.13/lib/commons-logging-1.2.jar,file:/home/akshayakumar/.m2/repository/org/apache/xmlgraphics/batik-rasterizer/1.13/lib/batik-xml-1.13.jar,file:/home/akshayakumar/.m2/repository/org/apache/xmlgraphics/batik-rasterizer/1.13/lib/xml-apis-ext-1.3.04.jar,file:/home/akshayakumar/.m2/repository/org/apache/xmlgraphics/batik-rasterizer/1.13/lib/batik-transcoder-1.13.jar,file:/home/akshayakumar/.m2/repository/org/apache/xmlgraphics/batik-rasterizer/1.13/lib/batik-anim-1.13.jar,file:/home/akshayakumar/.m2/repository/org/apache/xmlgraphics/batik-rasterizer/1.13/lib/batik-css-1.13.jar,file:/home/akshayakumar/.m2/repository/org/apache/xmlgraphics/batik-rasterizer/1.13/lib/batik-ext-1.13.jar,file:/home/akshayakumar/.m2/repository/org/apache/xmlgraphics/batik-rasterizer/1.13/lib/batik-svg-dom-1.13.jar,file:/home/akshayakumar/.m2/repository/org/apache/xmlgraphics/batik-rasterizer/1.13/lib/batik-bridge-1.13.jar,file:/home/akshayakumar/.m2/repository/org/apache/xmlgraphics/batik-rasterizer/1.13/lib/batik-script-1.13.jar,file:/home/akshayakumar/.m2/repository/org/apache/xmlgraphics/batik-rasterizer/1.13/lib/batik-dom-1.13.jar,file:/home/akshayakumar/.m2/repository/org/apache/xmlgraphics/batik-rasterizer/1.13/lib/xalan-2.7.2.jar,file:/home/akshayakumar/.m2/repository/org/apache/xmlgraphics/batik-rasterizer/1.13/lib/serializer-2.7.2.jar,file:/home/akshayakumar/.m2/repository/org/apache/xmlgraphics/batik-rasterizer/1.13/lib/xml-apis-1.4.01.jar,file:/home/akshayakumar/.m2/repository/org/apache/xmlgraphics/batik-rasterizer/1.13/lib/batik-gvt-1.13.jar,file:/home/akshayakumar/.m2/repository/org/apache/xmlgraphics/batik-rasterizer/1.13/lib/batik-svggen-1.13.jar,file:/home/akshayakumar/.m2/repository/org/apache/xmlgraphics/batik-rasterizer/1.13/lib/batik-util-1.13.jar,file:/home/akshayakumar/.m2/repository/org/apache/xmlgraphics/batik-rasterizer/1.13/lib/batik-constants-1.13.jar,file:/home/akshayakumar/.m2/repository/org/apache/xmlgraphics/batik-rasterizer/1.13/lib/batik-i18n-1.13.jar,file:/home/akshayakumar/.m2/repository/org/apache/xmlgraphics/batik-rasterizer/1.13/lib/batik-codec-1.13.jar,file:/home/akshayakumar/.m2/repository/org/apache/xmlgraphics/batik-rasterizer/1.13/lib/fop-transcoder-allinone-2.5.jar
2024-06-05 10:50:22 INFO  o.s.b.d.restart.ChangeableUrls - The Class-Path manifest attribute in /home/akshayakumar/.m2/repository/org/apache/xmlgraphics/batik-slideshow/1.13/batik-slideshow-1.13.jar referenced one or more files that do not exist: file:/home/akshayakumar/.m2/repository/org/apache/xmlgraphics/batik-slideshow/1.13/lib/batik-bridge-1.13.jar,file:/home/akshayakumar/.m2/repository/org/apache/xmlgraphics/batik-slideshow/1.13/lib/batik-anim-1.13.jar,file:/home/akshayakumar/.m2/repository/org/apache/xmlgraphics/batik-slideshow/1.13/lib/batik-ext-1.13.jar,file:/home/akshayakumar/.m2/repository/org/apache/xmlgraphics/batik-slideshow/1.13/lib/batik-awt-util-1.13.jar,file:/home/akshayakumar/.m2/repository/org/apache/xmlgraphics/batik-slideshow/1.13/lib/batik-css-1.13.jar,file:/home/akshayakumar/.m2/repository/org/apache/xmlgraphics/batik-slideshow/1.13/lib/batik-dom-1.13.jar,file:/home/akshayakumar/.m2/repository/org/apache/xmlgraphics/batik-slideshow/1.13/lib/xalan-2.7.2.jar,file:/home/akshayakumar/.m2/repository/org/apache/xmlgraphics/batik-slideshow/1.13/lib/serializer-2.7.2.jar,file:/home/akshayakumar/.m2/repository/org/apache/xmlgraphics/batik-slideshow/1.13/lib/xml-apis-1.4.01.jar,file:/home/akshayakumar/.m2/repository/org/apache/xmlgraphics/batik-slideshow/1.13/lib/batik-parser-1.13.jar,file:/home/akshayakumar/.m2/repository/org/apache/xmlgraphics/batik-slideshow/1.13/lib/batik-script-1.13.jar,file:/home/akshayakumar/.m2/repository/org/apache/xmlgraphics/batik-slideshow/1.13/lib/batik-svg-dom-1.13.jar,file:/home/akshayakumar/.m2/repository/org/apache/xmlgraphics/batik-slideshow/1.13/lib/batik-util-1.13.jar,file:/home/akshayakumar/.m2/repository/org/apache/xmlgraphics/batik-slideshow/1.13/lib/batik-constants-1.13.jar,file:/home/akshayakumar/.m2/repository/org/apache/xmlgraphics/batik-slideshow/1.13/lib/batik-i18n-1.13.jar,file:/home/akshayakumar/.m2/repository/org/apache/xmlgraphics/batik-slideshow/1.13/lib/batik-xml-1.13.jar,file:/home/akshayakumar/.m2/repository/org/apache/xmlgraphics/batik-slideshow/1.13/lib/xmlgraphics-commons-2.4.jar,file:/home/akshayakumar/.m2/repository/org/apache/xmlgraphics/batik-slideshow/1.13/lib/commons-io-1.3.2.jar,file:/home/akshayakumar/.m2/repository/org/apache/xmlgraphics/batik-slideshow/1.13/lib/commons-logging-1.2.jar,file:/home/akshayakumar/.m2/repository/org/apache/xmlgraphics/batik-slideshow/1.13/lib/batik-gvt-1.13.jar,file:/home/akshayakumar/.m2/repository/org/apache/xmlgraphics/batik-slideshow/1.13/lib/batik-shared-resources-1.13.jar,file:/home/akshayakumar/.m2/repository/org/apache/xmlgraphics/batik-slideshow/1.13/lib/xml-apis-ext-1.3.04.jar
2024-06-05 10:50:22 INFO  o.s.b.d.restart.ChangeableUrls - The Class-Path manifest attribute in /home/akshayakumar/.m2/repository/org/apache/xmlgraphics/batik-squiggle-ext/1.13/batik-squiggle-ext-1.13.jar referenced one or more files that do not exist: file:/home/akshayakumar/.m2/repository/org/apache/xmlgraphics/batik-squiggle-ext/1.13/batik-shared-resources-1.13.jar,file:/home/akshayakumar/.m2/repository/org/apache/xmlgraphics/batik-squiggle-ext/1.13/batik-svgbrowser-1.13.jar,file:/home/akshayakumar/.m2/repository/org/apache/xmlgraphics/batik-squiggle-ext/1.13/batik-anim-1.13.jar,file:/home/akshayakumar/.m2/repository/org/apache/xmlgraphics/batik-squiggle-ext/1.13/batik-bridge-1.13.jar,file:/home/akshayakumar/.m2/repository/org/apache/xmlgraphics/batik-squiggle-ext/1.13/batik-script-1.13.jar,file:/home/akshayakumar/.m2/repository/org/apache/xmlgraphics/batik-squiggle-ext/1.13/xmlgraphics-commons-2.4.jar,file:/home/akshayakumar/.m2/repository/org/apache/xmlgraphics/batik-squiggle-ext/1.13/commons-io-1.3.2.jar,file:/home/akshayakumar/.m2/repository/org/apache/xmlgraphics/batik-squiggle-ext/1.13/commons-logging-1.2.jar,file:/home/akshayakumar/.m2/repository/org/apache/xmlgraphics/batik-squiggle-ext/1.13/batik-dom-1.13.jar,file:/home/akshayakumar/.m2/repository/org/apache/xmlgraphics/batik-squiggle-ext/1.13/xalan-2.7.2.jar,file:/home/akshayakumar/.m2/repository/org/apache/xmlgraphics/batik-squiggle-ext/1.13/serializer-2.7.2.jar,file:/home/akshayakumar/.m2/repository/org/apache/xmlgraphics/batik-squiggle-ext/1.13/xml-apis-1.4.01.jar,file:/home/akshayakumar/.m2/repository/org/apache/xmlgraphics/batik-squiggle-ext/1.13/batik-gvt-1.13.jar,file:/home/akshayakumar/.m2/repository/org/apache/xmlgraphics/batik-squiggle-ext/1.13/batik-swing-1.13.jar,file:/home/akshayakumar/.m2/repository/org/apache/xmlgraphics/batik-squiggle-ext/1.13/batik-gui-util-1.13.jar,file:/home/akshayakumar/.m2/repository/org/apache/xmlgraphics/batik-squiggle-ext/1.13/batik-transcoder-1.13.jar,file:/home/akshayakumar/.m2/repository/org/apache/xmlgraphics/batik-squiggle-ext/1.13/batik-svggen-1.13.jar,file:/home/akshayakumar/.m2/repository/org/apache/xmlgraphics/batik-squiggle-ext/1.13/batik-util-1.13.jar,file:/home/akshayakumar/.m2/repository/org/apache/xmlgraphics/batik-squiggle-ext/1.13/batik-constants-1.13.jar,file:/home/akshayakumar/.m2/repository/org/apache/xmlgraphics/batik-squiggle-ext/1.13/batik-i18n-1.13.jar,file:/home/akshayakumar/.m2/repository/org/apache/xmlgraphics/batik-squiggle-ext/1.13/batik-xml-1.13.jar,file:/home/akshayakumar/.m2/repository/org/apache/xmlgraphics/batik-squiggle-ext/1.13/xml-apis-ext-1.3.04.jar,file:/home/akshayakumar/.m2/repository/org/apache/xmlgraphics/batik-squiggle-ext/1.13/batik-extension-1.13.jar,file:/home/akshayakumar/.m2/repository/org/apache/xmlgraphics/batik-squiggle-ext/1.13/batik-awt-util-1.13.jar,file:/home/akshayakumar/.m2/repository/org/apache/xmlgraphics/batik-squiggle-ext/1.13/batik-css-1.13.jar,file:/home/akshayakumar/.m2/repository/org/apache/xmlgraphics/batik-squiggle-ext/1.13/batik-ext-1.13.jar,file:/home/akshayakumar/.m2/repository/org/apache/xmlgraphics/batik-squiggle-ext/1.13/batik-parser-1.13.jar,file:/home/akshayakumar/.m2/repository/org/apache/xmlgraphics/batik-squiggle-ext/1.13/batik-svg-dom-1.13.jar
2024-06-05 10:50:22 INFO  o.s.b.d.restart.ChangeableUrls - The Class-Path manifest attribute in /home/akshayakumar/.m2/repository/org/apache/xmlgraphics/batik-squiggle/1.13/batik-squiggle-1.13.jar referenced one or more files that do not exist: file:/home/akshayakumar/.m2/repository/org/apache/xmlgraphics/batik-squiggle/1.13/lib/batik-shared-resources-1.13.jar,file:/home/akshayakumar/.m2/repository/org/apache/xmlgraphics/batik-squiggle/1.13/lib/batik-svgbrowser-1.13.jar,file:/home/akshayakumar/.m2/repository/org/apache/xmlgraphics/batik-squiggle/1.13/lib/batik-anim-1.13.jar,file:/home/akshayakumar/.m2/repository/org/apache/xmlgraphics/batik-squiggle/1.13/lib/batik-awt-util-1.13.jar,file:/home/akshayakumar/.m2/repository/org/apache/xmlgraphics/batik-squiggle/1.13/lib/batik-css-1.13.jar,file:/home/akshayakumar/.m2/repository/org/apache/xmlgraphics/batik-squiggle/1.13/lib/batik-ext-1.13.jar,file:/home/akshayakumar/.m2/repository/org/apache/xmlgraphics/batik-squiggle/1.13/lib/batik-parser-1.13.jar,file:/home/akshayakumar/.m2/repository/org/apache/xmlgraphics/batik-squiggle/1.13/lib/batik-svg-dom-1.13.jar,file:/home/akshayakumar/.m2/repository/org/apache/xmlgraphics/batik-squiggle/1.13/lib/batik-bridge-1.13.jar,file:/home/akshayakumar/.m2/repository/org/apache/xmlgraphics/batik-squiggle/1.13/lib/batik-script-1.13.jar,file:/home/akshayakumar/.m2/repository/org/apache/xmlgraphics/batik-squiggle/1.13/lib/xmlgraphics-commons-2.4.jar,file:/home/akshayakumar/.m2/repository/org/apache/xmlgraphics/batik-squiggle/1.13/lib/commons-io-1.3.2.jar,file:/home/akshayakumar/.m2/repository/org/apache/xmlgraphics/batik-squiggle/1.13/lib/commons-logging-1.2.jar,file:/home/akshayakumar/.m2/repository/org/apache/xmlgraphics/batik-squiggle/1.13/lib/batik-dom-1.13.jar,file:/home/akshayakumar/.m2/repository/org/apache/xmlgraphics/batik-squiggle/1.13/lib/xalan-2.7.2.jar,file:/home/akshayakumar/.m2/repository/org/apache/xmlgraphics/batik-squiggle/1.13/lib/serializer-2.7.2.jar,file:/home/akshayakumar/.m2/repository/org/apache/xmlgraphics/batik-squiggle/1.13/lib/xml-apis-1.4.01.jar,file:/home/akshayakumar/.m2/repository/org/apache/xmlgraphics/batik-squiggle/1.13/lib/batik-gvt-1.13.jar,file:/home/akshayakumar/.m2/repository/org/apache/xmlgraphics/batik-squiggle/1.13/lib/batik-swing-1.13.jar,file:/home/akshayakumar/.m2/repository/org/apache/xmlgraphics/batik-squiggle/1.13/lib/batik-gui-util-1.13.jar,file:/home/akshayakumar/.m2/repository/org/apache/xmlgraphics/batik-squiggle/1.13/lib/batik-transcoder-1.13.jar,file:/home/akshayakumar/.m2/repository/org/apache/xmlgraphics/batik-squiggle/1.13/lib/batik-svggen-1.13.jar,file:/home/akshayakumar/.m2/repository/org/apache/xmlgraphics/batik-squiggle/1.13/lib/batik-util-1.13.jar,file:/home/akshayakumar/.m2/repository/org/apache/xmlgraphics/batik-squiggle/1.13/lib/batik-constants-1.13.jar,file:/home/akshayakumar/.m2/repository/org/apache/xmlgraphics/batik-squiggle/1.13/lib/batik-i18n-1.13.jar,file:/home/akshayakumar/.m2/repository/org/apache/xmlgraphics/batik-squiggle/1.13/lib/batik-xml-1.13.jar,file:/home/akshayakumar/.m2/repository/org/apache/xmlgraphics/batik-squiggle/1.13/lib/xml-apis-ext-1.3.04.jar
2024-06-05 10:50:22 INFO  o.s.b.d.restart.ChangeableUrls - The Class-Path manifest attribute in /home/akshayakumar/.m2/repository/org/apache/xmlgraphics/batik-svgpp/1.13/batik-svgpp-1.13.jar referenced one or more files that do not exist: file:/home/akshayakumar/.m2/repository/org/apache/xmlgraphics/batik-svgpp/1.13/lib/batik-shared-resources-1.13.jar,file:/home/akshayakumar/.m2/repository/org/apache/xmlgraphics/batik-svgpp/1.13/lib/batik-transcoder-1.13.jar,file:/home/akshayakumar/.m2/repository/org/apache/xmlgraphics/batik-svgpp/1.13/lib/batik-anim-1.13.jar,file:/home/akshayakumar/.m2/repository/org/apache/xmlgraphics/batik-svgpp/1.13/lib/batik-css-1.13.jar,file:/home/akshayakumar/.m2/repository/org/apache/xmlgraphics/batik-svgpp/1.13/lib/batik-ext-1.13.jar,file:/home/akshayakumar/.m2/repository/org/apache/xmlgraphics/batik-svgpp/1.13/lib/batik-parser-1.13.jar,file:/home/akshayakumar/.m2/repository/org/apache/xmlgraphics/batik-svgpp/1.13/lib/batik-svg-dom-1.13.jar,file:/home/akshayakumar/.m2/repository/org/apache/xmlgraphics/batik-svgpp/1.13/lib/batik-awt-util-1.13.jar,file:/home/akshayakumar/.m2/repository/org/apache/xmlgraphics/batik-svgpp/1.13/lib/xmlgraphics-commons-2.4.jar,file:/home/akshayakumar/.m2/repository/org/apache/xmlgraphics/batik-svgpp/1.13/lib/commons-io-1.3.2.jar,file:/home/akshayakumar/.m2/repository/org/apache/xmlgraphics/batik-svgpp/1.13/lib/commons-logging-1.2.jar,file:/home/akshayakumar/.m2/repository/org/apache/xmlgraphics/batik-svgpp/1.13/lib/batik-bridge-1.13.jar,file:/home/akshayakumar/.m2/repository/org/apache/xmlgraphics/batik-svgpp/1.13/lib/batik-script-1.13.jar,file:/home/akshayakumar/.m2/repository/org/apache/xmlgraphics/batik-svgpp/1.13/lib/batik-dom-1.13.jar,file:/home/akshayakumar/.m2/repository/org/apache/xmlgraphics/batik-svgpp/1.13/lib/xalan-2.7.2.jar,file:/home/akshayakumar/.m2/repository/org/apache/xmlgraphics/batik-svgpp/1.13/lib/serializer-2.7.2.jar,file:/home/akshayakumar/.m2/repository/org/apache/xmlgraphics/batik-svgpp/1.13/lib/xml-apis-1.4.01.jar,file:/home/akshayakumar/.m2/repository/org/apache/xmlgraphics/batik-svgpp/1.13/lib/batik-gvt-1.13.jar,file:/home/akshayakumar/.m2/repository/org/apache/xmlgraphics/batik-svgpp/1.13/lib/batik-svggen-1.13.jar,file:/home/akshayakumar/.m2/repository/org/apache/xmlgraphics/batik-svgpp/1.13/lib/batik-xml-1.13.jar,file:/home/akshayakumar/.m2/repository/org/apache/xmlgraphics/batik-svgpp/1.13/lib/xml-apis-ext-1.3.04.jar,file:/home/akshayakumar/.m2/repository/org/apache/xmlgraphics/batik-svgpp/1.13/lib/batik-util-1.13.jar,file:/home/akshayakumar/.m2/repository/org/apache/xmlgraphics/batik-svgpp/1.13/lib/batik-constants-1.13.jar,file:/home/akshayakumar/.m2/repository/org/apache/xmlgraphics/batik-svgpp/1.13/lib/batik-i18n-1.13.jar
2024-06-05 10:50:22 INFO  o.s.b.d.restart.ChangeableUrls - The Class-Path manifest attribute in /home/akshayakumar/.m2/repository/org/apache/xmlgraphics/batik-ttf2svg/1.13/batik-ttf2svg-1.13.jar referenced one or more files that do not exist: file:/home/akshayakumar/.m2/repository/org/apache/xmlgraphics/batik-ttf2svg/1.13/lib/batik-shared-resources-1.13.jar,file:/home/akshayakumar/.m2/repository/org/apache/xmlgraphics/batik-ttf2svg/1.13/lib/batik-svggen-1.13.jar,file:/home/akshayakumar/.m2/repository/org/apache/xmlgraphics/batik-ttf2svg/1.13/lib/batik-awt-util-1.13.jar,file:/home/akshayakumar/.m2/repository/org/apache/xmlgraphics/batik-ttf2svg/1.13/lib/xmlgraphics-commons-2.4.jar,file:/home/akshayakumar/.m2/repository/org/apache/xmlgraphics/batik-ttf2svg/1.13/lib/commons-io-1.3.2.jar,file:/home/akshayakumar/.m2/repository/org/apache/xmlgraphics/batik-ttf2svg/1.13/lib/commons-logging-1.2.jar,file:/home/akshayakumar/.m2/repository/org/apache/xmlgraphics/batik-ttf2svg/1.13/lib/batik-util-1.13.jar,file:/home/akshayakumar/.m2/repository/org/apache/xmlgraphics/batik-ttf2svg/1.13/lib/batik-constants-1.13.jar,file:/home/akshayakumar/.m2/repository/org/apache/xmlgraphics/batik-ttf2svg/1.13/lib/batik-i18n-1.13.jar
2024-06-05 10:50:22 INFO  o.s.b.d.e.DevToolsPropertyDefaultsPostProcessor - Devtools property defaults active! Set 'spring.devtools.add-properties' to 'false' to disable
2024-06-05 10:50:22 INFO  o.s.b.d.e.DevToolsPropertyDefaultsPostProcessor - For additional web related logging consider setting the 'logging.level.web' property to 'DEBUG'
2024-06-05 10:50:23 INFO  o.s.d.r.c.RepositoryConfigurationDelegate - Bootstrapping Spring Data JDBC repositories in DEFAULT mode.
2024-06-05 10:50:23 INFO  o.s.d.r.c.RepositoryConfigurationDelegate - Finished Spring Data repository scanning in 8 ms. Found 0 JDBC repository interfaces.
2024-06-05 10:50:23 INFO  o.s.b.w.e.tomcat.TomcatWebServer - Tomcat initialized with port(s): 8080 (http)
2024-06-05 10:50:23 INFO  o.a.catalina.core.StandardService - Starting service [Tomcat]
2024-06-05 10:50:23 INFO  o.a.catalina.core.StandardEngine - Starting Servlet engine: [Apache Tomcat/9.0.82]
2024-06-05 10:50:23 INFO  o.a.c.c.C.[Tomcat].[localhost].[/] - Initializing Spring embedded WebApplicationContext
2024-06-05 10:50:23 INFO  o.s.b.w.s.c.ServletWebServerApplicationContext - Root WebApplicationContext: initialization completed in 1426 ms
2024-06-05 10:50:24 INFO  com.zaxxer.hikari.HikariDataSource - HikariPool-1 - Starting...
2024-06-05 10:50:24 INFO  com.zaxxer.hikari.HikariDataSource - HikariPool-1 - Start completed.
2024-06-05 10:50:24 WARN  o.s.b.d.a.OptionalLiveReloadServer - Unable to start LiveReload server
2024-06-05 10:50:24 INFO  o.s.b.w.e.tomcat.TomcatWebServer - Tomcat started on port(s): 8080 (http) with context path ''
2024-06-05 10:50:24 INFO  c.e.f.FirstprojectzInSpringbootApplication - Started FirstprojectzInSpringbootApplication in 2.976 seconds (JVM running for 3.491)
2024-06-05 12:55:48 INFO  c.e.f.FirstprojectzInSpringbootApplication - Starting FirstprojectzInSpringbootApplication using Java 17.0.10 on nilaapps-Latitude-3420 with PID 19561 (/home/akshayakumar/Documents/firstprojectzInSpringboot/target/classes started by akshayakumar in /home/akshayakumar/Documents/firstprojectzInSpringboot)
2024-06-05 12:55:48 DEBUG c.e.f.FirstprojectzInSpringbootApplication - Running with Spring Boot v2.7.17-SNAPSHOT, Spring v5.3.30
2024-06-05 12:55:48 INFO  c.e.f.FirstprojectzInSpringbootApplication - No active profile set, falling back to 1 default profile: "default"
2024-06-05 12:55:48 INFO  o.s.b.d.restart.ChangeableUrls - The Class-Path manifest attribute in /home/akshayakumar/.m2/repository/xalan/xalan/2.7.2/xalan-2.7.2.jar referenced one or more files that do not exist: file:/home/akshayakumar/.m2/repository/xalan/xalan/2.7.2/xercesImpl.jar,file:/home/akshayakumar/.m2/repository/xalan/xalan/2.7.2/xml-apis.jar,file:/home/akshayakumar/.m2/repository/xalan/xalan/2.7.2/serializer.jar
2024-06-05 12:55:48 INFO  o.s.b.d.restart.ChangeableUrls - The Class-Path manifest attribute in /home/akshayakumar/.m2/repository/xalan/serializer/2.7.2/serializer-2.7.2.jar referenced one or more files that do not exist: file:/home/akshayakumar/.m2/repository/xalan/serializer/2.7.2/xml-apis.jar
2024-06-05 12:55:48 INFO  o.s.b.d.restart.ChangeableUrls - The Class-Path manifest attribute in /home/akshayakumar/.m2/repository/org/apache/xmlgraphics/batik-rasterizer-ext/1.13/batik-rasterizer-ext-1.13.jar referenced one or more files that do not exist: file:/home/akshayakumar/.m2/repository/org/apache/xmlgraphics/batik-rasterizer-ext/1.13/batik-shared-resources-1.13.jar,file:/home/akshayakumar/.m2/repository/org/apache/xmlgraphics/batik-rasterizer-ext/1.13/batik-svgrasterizer-1.13.jar,file:/home/akshayakumar/.m2/repository/org/apache/xmlgraphics/batik-rasterizer-ext/1.13/batik-parser-1.13.jar,file:/home/akshayakumar/.m2/repository/org/apache/xmlgraphics/batik-rasterizer-ext/1.13/batik-xml-1.13.jar,file:/home/akshayakumar/.m2/repository/org/apache/xmlgraphics/batik-rasterizer-ext/1.13/batik-transcoder-1.13.jar,file:/home/akshayakumar/.m2/repository/org/apache/xmlgraphics/batik-rasterizer-ext/1.13/batik-svggen-1.13.jar,file:/home/akshayakumar/.m2/repository/org/apache/xmlgraphics/batik-rasterizer-ext/1.13/batik-util-1.13.jar,file:/home/akshayakumar/.m2/repository/org/apache/xmlgraphics/batik-rasterizer-ext/1.13/batik-constants-1.13.jar,file:/home/akshayakumar/.m2/repository/org/apache/xmlgraphics/batik-rasterizer-ext/1.13/batik-i18n-1.13.jar,file:/home/akshayakumar/.m2/repository/org/apache/xmlgraphics/batik-rasterizer-ext/1.13/batik-codec-1.13.jar,file:/home/akshayakumar/.m2/repository/org/apache/xmlgraphics/batik-rasterizer-ext/1.13/batik-extension-1.13.jar,file:/home/akshayakumar/.m2/repository/org/apache/xmlgraphics/batik-rasterizer-ext/1.13/batik-anim-1.13.jar,file:/home/akshayakumar/.m2/repository/org/apache/xmlgraphics/batik-rasterizer-ext/1.13/batik-awt-util-1.13.jar,file:/home/akshayakumar/.m2/repository/org/apache/xmlgraphics/batik-rasterizer-ext/1.13/xmlgraphics-commons-2.4.jar,file:/home/akshayakumar/.m2/repository/org/apache/xmlgraphics/batik-rasterizer-ext/1.13/commons-io-1.3.2.jar,file:/home/akshayakumar/.m2/repository/org/apache/xmlgraphics/batik-rasterizer-ext/1.13/commons-logging-1.2.jar,file:/home/akshayakumar/.m2/repository/org/apache/xmlgraphics/batik-rasterizer-ext/1.13/batik-bridge-1.13.jar,file:/home/akshayakumar/.m2/repository/org/apache/xmlgraphics/batik-rasterizer-ext/1.13/batik-script-1.13.jar,file:/home/akshayakumar/.m2/repository/org/apache/xmlgraphics/batik-rasterizer-ext/1.13/batik-css-1.13.jar,file:/home/akshayakumar/.m2/repository/org/apache/xmlgraphics/batik-rasterizer-ext/1.13/batik-dom-1.13.jar,file:/home/akshayakumar/.m2/repository/org/apache/xmlgraphics/batik-rasterizer-ext/1.13/xalan-2.7.2.jar,file:/home/akshayakumar/.m2/repository/org/apache/xmlgraphics/batik-rasterizer-ext/1.13/serializer-2.7.2.jar,file:/home/akshayakumar/.m2/repository/org/apache/xmlgraphics/batik-rasterizer-ext/1.13/xml-apis-1.4.01.jar,file:/home/akshayakumar/.m2/repository/org/apache/xmlgraphics/batik-rasterizer-ext/1.13/batik-ext-1.13.jar,file:/home/akshayakumar/.m2/repository/org/apache/xmlgraphics/batik-rasterizer-ext/1.13/batik-gvt-1.13.jar,file:/home/akshayakumar/.m2/repository/org/apache/xmlgraphics/batik-rasterizer-ext/1.13/batik-svg-dom-1.13.jar,file:/home/akshayakumar/.m2/repository/org/apache/xmlgraphics/batik-rasterizer-ext/1.13/xml-apis-ext-1.3.04.jar
2024-06-05 12:55:48 INFO  o.s.b.d.restart.ChangeableUrls - The Class-Path manifest attribute in /home/akshayakumar/.m2/repository/org/apache/xmlgraphics/batik-rasterizer/1.13/batik-rasterizer-1.13.jar referenced one or more files that do not exist: file:/home/akshayakumar/.m2/repository/org/apache/xmlgraphics/batik-rasterizer/1.13/lib/batik-shared-resources-1.13.jar,file:/home/akshayakumar/.m2/repository/org/apache/xmlgraphics/batik-rasterizer/1.13/lib/batik-svgrasterizer-1.13.jar,file:/home/akshayakumar/.m2/repository/org/apache/xmlgraphics/batik-rasterizer/1.13/lib/batik-parser-1.13.jar,file:/home/akshayakumar/.m2/repository/org/apache/xmlgraphics/batik-rasterizer/1.13/lib/batik-awt-util-1.13.jar,file:/home/akshayakumar/.m2/repository/org/apache/xmlgraphics/batik-rasterizer/1.13/lib/xmlgraphics-commons-2.4.jar,file:/home/akshayakumar/.m2/repository/org/apache/xmlgraphics/batik-rasterizer/1.13/lib/commons-io-1.3.2.jar,file:/home/akshayakumar/.m2/repository/org/apache/xmlgraphics/batik-rasterizer/1.13/lib/commons-logging-1.2.jar,file:/home/akshayakumar/.m2/repository/org/apache/xmlgraphics/batik-rasterizer/1.13/lib/batik-xml-1.13.jar,file:/home/akshayakumar/.m2/repository/org/apache/xmlgraphics/batik-rasterizer/1.13/lib/xml-apis-ext-1.3.04.jar,file:/home/akshayakumar/.m2/repository/org/apache/xmlgraphics/batik-rasterizer/1.13/lib/batik-transcoder-1.13.jar,file:/home/akshayakumar/.m2/repository/org/apache/xmlgraphics/batik-rasterizer/1.13/lib/batik-anim-1.13.jar,file:/home/akshayakumar/.m2/repository/org/apache/xmlgraphics/batik-rasterizer/1.13/lib/batik-css-1.13.jar,file:/home/akshayakumar/.m2/repository/org/apache/xmlgraphics/batik-rasterizer/1.13/lib/batik-ext-1.13.jar,file:/home/akshayakumar/.m2/repository/org/apache/xmlgraphics/batik-rasterizer/1.13/lib/batik-svg-dom-1.13.jar,file:/home/akshayakumar/.m2/repository/org/apache/xmlgraphics/batik-rasterizer/1.13/lib/batik-bridge-1.13.jar,file:/home/akshayakumar/.m2/repository/org/apache/xmlgraphics/batik-rasterizer/1.13/lib/batik-script-1.13.jar,file:/home/akshayakumar/.m2/repository/org/apache/xmlgraphics/batik-rasterizer/1.13/lib/batik-dom-1.13.jar,file:/home/akshayakumar/.m2/repository/org/apache/xmlgraphics/batik-rasterizer/1.13/lib/xalan-2.7.2.jar,file:/home/akshayakumar/.m2/repository/org/apache/xmlgraphics/batik-rasterizer/1.13/lib/serializer-2.7.2.jar,file:/home/akshayakumar/.m2/repository/org/apache/xmlgraphics/batik-rasterizer/1.13/lib/xml-apis-1.4.01.jar,file:/home/akshayakumar/.m2/repository/org/apache/xmlgraphics/batik-rasterizer/1.13/lib/batik-gvt-1.13.jar,file:/home/akshayakumar/.m2/repository/org/apache/xmlgraphics/batik-rasterizer/1.13/lib/batik-svggen-1.13.jar,file:/home/akshayakumar/.m2/repository/org/apache/xmlgraphics/batik-rasterizer/1.13/lib/batik-util-1.13.jar,file:/home/akshayakumar/.m2/repository/org/apache/xmlgraphics/batik-rasterizer/1.13/lib/batik-constants-1.13.jar,file:/home/akshayakumar/.m2/repository/org/apache/xmlgraphics/batik-rasterizer/1.13/lib/batik-i18n-1.13.jar,file:/home/akshayakumar/.m2/repository/org/apache/xmlgraphics/batik-rasterizer/1.13/lib/batik-codec-1.13.jar,file:/home/akshayakumar/.m2/repository/org/apache/xmlgraphics/batik-rasterizer/1.13/lib/fop-transcoder-allinone-2.5.jar
2024-06-05 12:55:48 INFO  o.s.b.d.restart.ChangeableUrls - The Class-Path manifest attribute in /home/akshayakumar/.m2/repository/org/apache/xmlgraphics/batik-slideshow/1.13/batik-slideshow-1.13.jar referenced one or more files that do not exist: file:/home/akshayakumar/.m2/repository/org/apache/xmlgraphics/batik-slideshow/1.13/lib/batik-bridge-1.13.jar,file:/home/akshayakumar/.m2/repository/org/apache/xmlgraphics/batik-slideshow/1.13/lib/batik-anim-1.13.jar,file:/home/akshayakumar/.m2/repository/org/apache/xmlgraphics/batik-slideshow/1.13/lib/batik-ext-1.13.jar,file:/home/akshayakumar/.m2/repository/org/apache/xmlgraphics/batik-slideshow/1.13/lib/batik-awt-util-1.13.jar,file:/home/akshayakumar/.m2/repository/org/apache/xmlgraphics/batik-slideshow/1.13/lib/batik-css-1.13.jar,file:/home/akshayakumar/.m2/repository/org/apache/xmlgraphics/batik-slideshow/1.13/lib/batik-dom-1.13.jar,file:/home/akshayakumar/.m2/repository/org/apache/xmlgraphics/batik-slideshow/1.13/lib/xalan-2.7.2.jar,file:/home/akshayakumar/.m2/repository/org/apache/xmlgraphics/batik-slideshow/1.13/lib/serializer-2.7.2.jar,file:/home/akshayakumar/.m2/repository/org/apache/xmlgraphics/batik-slideshow/1.13/lib/xml-apis-1.4.01.jar,file:/home/akshayakumar/.m2/repository/org/apache/xmlgraphics/batik-slideshow/1.13/lib/batik-parser-1.13.jar,file:/home/akshayakumar/.m2/repository/org/apache/xmlgraphics/batik-slideshow/1.13/lib/batik-script-1.13.jar,file:/home/akshayakumar/.m2/repository/org/apache/xmlgraphics/batik-slideshow/1.13/lib/batik-svg-dom-1.13.jar,file:/home/akshayakumar/.m2/repository/org/apache/xmlgraphics/batik-slideshow/1.13/lib/batik-util-1.13.jar,file:/home/akshayakumar/.m2/repository/org/apache/xmlgraphics/batik-slideshow/1.13/lib/batik-constants-1.13.jar,file:/home/akshayakumar/.m2/repository/org/apache/xmlgraphics/batik-slideshow/1.13/lib/batik-i18n-1.13.jar,file:/home/akshayakumar/.m2/repository/org/apache/xmlgraphics/batik-slideshow/1.13/lib/batik-xml-1.13.jar,file:/home/akshayakumar/.m2/repository/org/apache/xmlgraphics/batik-slideshow/1.13/lib/xmlgraphics-commons-2.4.jar,file:/home/akshayakumar/.m2/repository/org/apache/xmlgraphics/batik-slideshow/1.13/lib/commons-io-1.3.2.jar,file:/home/akshayakumar/.m2/repository/org/apache/xmlgraphics/batik-slideshow/1.13/lib/commons-logging-1.2.jar,file:/home/akshayakumar/.m2/repository/org/apache/xmlgraphics/batik-slideshow/1.13/lib/batik-gvt-1.13.jar,file:/home/akshayakumar/.m2/repository/org/apache/xmlgraphics/batik-slideshow/1.13/lib/batik-shared-resources-1.13.jar,file:/home/akshayakumar/.m2/repository/org/apache/xmlgraphics/batik-slideshow/1.13/lib/xml-apis-ext-1.3.04.jar
2024-06-05 12:55:48 INFO  o.s.b.d.restart.ChangeableUrls - The Class-Path manifest attribute in /home/akshayakumar/.m2/repository/org/apache/xmlgraphics/batik-squiggle-ext/1.13/batik-squiggle-ext-1.13.jar referenced one or more files that do not exist: file:/home/akshayakumar/.m2/repository/org/apache/xmlgraphics/batik-squiggle-ext/1.13/batik-shared-resources-1.13.jar,file:/home/akshayakumar/.m2/repository/org/apache/xmlgraphics/batik-squiggle-ext/1.13/batik-svgbrowser-1.13.jar,file:/home/akshayakumar/.m2/repository/org/apache/xmlgraphics/batik-squiggle-ext/1.13/batik-anim-1.13.jar,file:/home/akshayakumar/.m2/repository/org/apache/xmlgraphics/batik-squiggle-ext/1.13/batik-bridge-1.13.jar,file:/home/akshayakumar/.m2/repository/org/apache/xmlgraphics/batik-squiggle-ext/1.13/batik-script-1.13.jar,file:/home/akshayakumar/.m2/repository/org/apache/xmlgraphics/batik-squiggle-ext/1.13/xmlgraphics-commons-2.4.jar,file:/home/akshayakumar/.m2/repository/org/apache/xmlgraphics/batik-squiggle-ext/1.13/commons-io-1.3.2.jar,file:/home/akshayakumar/.m2/repository/org/apache/xmlgraphics/batik-squiggle-ext/1.13/commons-logging-1.2.jar,file:/home/akshayakumar/.m2/repository/org/apache/xmlgraphics/batik-squiggle-ext/1.13/batik-dom-1.13.jar,file:/home/akshayakumar/.m2/repository/org/apache/xmlgraphics/batik-squiggle-ext/1.13/xalan-2.7.2.jar,file:/home/akshayakumar/.m2/repository/org/apache/xmlgraphics/batik-squiggle-ext/1.13/serializer-2.7.2.jar,file:/home/akshayakumar/.m2/repository/org/apache/xmlgraphics/batik-squiggle-ext/1.13/xml-apis-1.4.01.jar,file:/home/akshayakumar/.m2/repository/org/apache/xmlgraphics/batik-squiggle-ext/1.13/batik-gvt-1.13.jar,file:/home/akshayakumar/.m2/repository/org/apache/xmlgraphics/batik-squiggle-ext/1.13/batik-swing-1.13.jar,file:/home/akshayakumar/.m2/repository/org/apache/xmlgraphics/batik-squiggle-ext/1.13/batik-gui-util-1.13.jar,file:/home/akshayakumar/.m2/repository/org/apache/xmlgraphics/batik-squiggle-ext/1.13/batik-transcoder-1.13.jar,file:/home/akshayakumar/.m2/repository/org/apache/xmlgraphics/batik-squiggle-ext/1.13/batik-svggen-1.13.jar,file:/home/akshayakumar/.m2/repository/org/apache/xmlgraphics/batik-squiggle-ext/1.13/batik-util-1.13.jar,file:/home/akshayakumar/.m2/repository/org/apache/xmlgraphics/batik-squiggle-ext/1.13/batik-constants-1.13.jar,file:/home/akshayakumar/.m2/repository/org/apache/xmlgraphics/batik-squiggle-ext/1.13/batik-i18n-1.13.jar,file:/home/akshayakumar/.m2/repository/org/apache/xmlgraphics/batik-squiggle-ext/1.13/batik-xml-1.13.jar,file:/home/akshayakumar/.m2/repository/org/apache/xmlgraphics/batik-squiggle-ext/1.13/xml-apis-ext-1.3.04.jar,file:/home/akshayakumar/.m2/repository/org/apache/xmlgraphics/batik-squiggle-ext/1.13/batik-extension-1.13.jar,file:/home/akshayakumar/.m2/repository/org/apache/xmlgraphics/batik-squiggle-ext/1.13/batik-awt-util-1.13.jar,file:/home/akshayakumar/.m2/repository/org/apache/xmlgraphics/batik-squiggle-ext/1.13/batik-css-1.13.jar,file:/home/akshayakumar/.m2/repository/org/apache/xmlgraphics/batik-squiggle-ext/1.13/batik-ext-1.13.jar,file:/home/akshayakumar/.m2/repository/org/apache/xmlgraphics/batik-squiggle-ext/1.13/batik-parser-1.13.jar,file:/home/akshayakumar/.m2/repository/org/apache/xmlgraphics/batik-squiggle-ext/1.13/batik-svg-dom-1.13.jar
2024-06-05 12:55:48 INFO  o.s.b.d.restart.ChangeableUrls - The Class-Path manifest attribute in /home/akshayakumar/.m2/repository/org/apache/xmlgraphics/batik-squiggle/1.13/batik-squiggle-1.13.jar referenced one or more files that do not exist: file:/home/akshayakumar/.m2/repository/org/apache/xmlgraphics/batik-squiggle/1.13/lib/batik-shared-resources-1.13.jar,file:/home/akshayakumar/.m2/repository/org/apache/xmlgraphics/batik-squiggle/1.13/lib/batik-svgbrowser-1.13.jar,file:/home/akshayakumar/.m2/repository/org/apache/xmlgraphics/batik-squiggle/1.13/lib/batik-anim-1.13.jar,file:/home/akshayakumar/.m2/repository/org/apache/xmlgraphics/batik-squiggle/1.13/lib/batik-awt-util-1.13.jar,file:/home/akshayakumar/.m2/repository/org/apache/xmlgraphics/batik-squiggle/1.13/lib/batik-css-1.13.jar,file:/home/akshayakumar/.m2/repository/org/apache/xmlgraphics/batik-squiggle/1.13/lib/batik-ext-1.13.jar,file:/home/akshayakumar/.m2/repository/org/apache/xmlgraphics/batik-squiggle/1.13/lib/batik-parser-1.13.jar,file:/home/akshayakumar/.m2/repository/org/apache/xmlgraphics/batik-squiggle/1.13/lib/batik-svg-dom-1.13.jar,file:/home/akshayakumar/.m2/repository/org/apache/xmlgraphics/batik-squiggle/1.13/lib/batik-bridge-1.13.jar,file:/home/akshayakumar/.m2/repository/org/apache/xmlgraphics/batik-squiggle/1.13/lib/batik-script-1.13.jar,file:/home/akshayakumar/.m2/repository/org/apache/xmlgraphics/batik-squiggle/1.13/lib/xmlgraphics-commons-2.4.jar,file:/home/akshayakumar/.m2/repository/org/apache/xmlgraphics/batik-squiggle/1.13/lib/commons-io-1.3.2.jar,file:/home/akshayakumar/.m2/repository/org/apache/xmlgraphics/batik-squiggle/1.13/lib/commons-logging-1.2.jar,file:/home/akshayakumar/.m2/repository/org/apache/xmlgraphics/batik-squiggle/1.13/lib/batik-dom-1.13.jar,file:/home/akshayakumar/.m2/repository/org/apache/xmlgraphics/batik-squiggle/1.13/lib/xalan-2.7.2.jar,file:/home/akshayakumar/.m2/repository/org/apache/xmlgraphics/batik-squiggle/1.13/lib/serializer-2.7.2.jar,file:/home/akshayakumar/.m2/repository/org/apache/xmlgraphics/batik-squiggle/1.13/lib/xml-apis-1.4.01.jar,file:/home/akshayakumar/.m2/repository/org/apache/xmlgraphics/batik-squiggle/1.13/lib/batik-gvt-1.13.jar,file:/home/akshayakumar/.m2/repository/org/apache/xmlgraphics/batik-squiggle/1.13/lib/batik-swing-1.13.jar,file:/home/akshayakumar/.m2/repository/org/apache/xmlgraphics/batik-squiggle/1.13/lib/batik-gui-util-1.13.jar,file:/home/akshayakumar/.m2/repository/org/apache/xmlgraphics/batik-squiggle/1.13/lib/batik-transcoder-1.13.jar,file:/home/akshayakumar/.m2/repository/org/apache/xmlgraphics/batik-squiggle/1.13/lib/batik-svggen-1.13.jar,file:/home/akshayakumar/.m2/repository/org/apache/xmlgraphics/batik-squiggle/1.13/lib/batik-util-1.13.jar,file:/home/akshayakumar/.m2/repository/org/apache/xmlgraphics/batik-squiggle/1.13/lib/batik-constants-1.13.jar,file:/home/akshayakumar/.m2/repository/org/apache/xmlgraphics/batik-squiggle/1.13/lib/batik-i18n-1.13.jar,file:/home/akshayakumar/.m2/repository/org/apache/xmlgraphics/batik-squiggle/1.13/lib/batik-xml-1.13.jar,file:/home/akshayakumar/.m2/repository/org/apache/xmlgraphics/batik-squiggle/1.13/lib/xml-apis-ext-1.3.04.jar
2024-06-05 12:55:48 INFO  o.s.b.d.restart.ChangeableUrls - The Class-Path manifest attribute in /home/akshayakumar/.m2/repository/org/apache/xmlgraphics/batik-svgpp/1.13/batik-svgpp-1.13.jar referenced one or more files that do not exist: file:/home/akshayakumar/.m2/repository/org/apache/xmlgraphics/batik-svgpp/1.13/lib/batik-shared-resources-1.13.jar,file:/home/akshayakumar/.m2/repository/org/apache/xmlgraphics/batik-svgpp/1.13/lib/batik-transcoder-1.13.jar,file:/home/akshayakumar/.m2/repository/org/apache/xmlgraphics/batik-svgpp/1.13/lib/batik-anim-1.13.jar,file:/home/akshayakumar/.m2/repository/org/apache/xmlgraphics/batik-svgpp/1.13/lib/batik-css-1.13.jar,file:/home/akshayakumar/.m2/repository/org/apache/xmlgraphics/batik-svgpp/1.13/lib/batik-ext-1.13.jar,file:/home/akshayakumar/.m2/repository/org/apache/xmlgraphics/batik-svgpp/1.13/lib/batik-parser-1.13.jar,file:/home/akshayakumar/.m2/repository/org/apache/xmlgraphics/batik-svgpp/1.13/lib/batik-svg-dom-1.13.jar,file:/home/akshayakumar/.m2/repository/org/apache/xmlgraphics/batik-svgpp/1.13/lib/batik-awt-util-1.13.jar,file:/home/akshayakumar/.m2/repository/org/apache/xmlgraphics/batik-svgpp/1.13/lib/xmlgraphics-commons-2.4.jar,file:/home/akshayakumar/.m2/repository/org/apache/xmlgraphics/batik-svgpp/1.13/lib/commons-io-1.3.2.jar,file:/home/akshayakumar/.m2/repository/org/apache/xmlgraphics/batik-svgpp/1.13/lib/commons-logging-1.2.jar,file:/home/akshayakumar/.m2/repository/org/apache/xmlgraphics/batik-svgpp/1.13/lib/batik-bridge-1.13.jar,file:/home/akshayakumar/.m2/repository/org/apache/xmlgraphics/batik-svgpp/1.13/lib/batik-script-1.13.jar,file:/home/akshayakumar/.m2/repository/org/apache/xmlgraphics/batik-svgpp/1.13/lib/batik-dom-1.13.jar,file:/home/akshayakumar/.m2/repository/org/apache/xmlgraphics/batik-svgpp/1.13/lib/xalan-2.7.2.jar,file:/home/akshayakumar/.m2/repository/org/apache/xmlgraphics/batik-svgpp/1.13/lib/serializer-2.7.2.jar,file:/home/akshayakumar/.m2/repository/org/apache/xmlgraphics/batik-svgpp/1.13/lib/xml-apis-1.4.01.jar,file:/home/akshayakumar/.m2/repository/org/apache/xmlgraphics/batik-svgpp/1.13/lib/batik-gvt-1.13.jar,file:/home/akshayakumar/.m2/repository/org/apache/xmlgraphics/batik-svgpp/1.13/lib/batik-svggen-1.13.jar,file:/home/akshayakumar/.m2/repository/org/apache/xmlgraphics/batik-svgpp/1.13/lib/batik-xml-1.13.jar,file:/home/akshayakumar/.m2/repository/org/apache/xmlgraphics/batik-svgpp/1.13/lib/xml-apis-ext-1.3.04.jar,file:/home/akshayakumar/.m2/repository/org/apache/xmlgraphics/batik-svgpp/1.13/lib/batik-util-1.13.jar,file:/home/akshayakumar/.m2/repository/org/apache/xmlgraphics/batik-svgpp/1.13/lib/batik-constants-1.13.jar,file:/home/akshayakumar/.m2/repository/org/apache/xmlgraphics/batik-svgpp/1.13/lib/batik-i18n-1.13.jar
2024-06-05 12:55:48 INFO  o.s.b.d.restart.ChangeableUrls - The Class-Path manifest attribute in /home/akshayakumar/.m2/repository/org/apache/xmlgraphics/batik-ttf2svg/1.13/batik-ttf2svg-1.13.jar referenced one or more files that do not exist: file:/home/akshayakumar/.m2/repository/org/apache/xmlgraphics/batik-ttf2svg/1.13/lib/batik-shared-resources-1.13.jar,file:/home/akshayakumar/.m2/repository/org/apache/xmlgraphics/batik-ttf2svg/1.13/lib/batik-svggen-1.13.jar,file:/home/akshayakumar/.m2/repository/org/apache/xmlgraphics/batik-ttf2svg/1.13/lib/batik-awt-util-1.13.jar,file:/home/akshayakumar/.m2/repository/org/apache/xmlgraphics/batik-ttf2svg/1.13/lib/xmlgraphics-commons-2.4.jar,file:/home/akshayakumar/.m2/repository/org/apache/xmlgraphics/batik-ttf2svg/1.13/lib/commons-io-1.3.2.jar,file:/home/akshayakumar/.m2/repository/org/apache/xmlgraphics/batik-ttf2svg/1.13/lib/commons-logging-1.2.jar,file:/home/akshayakumar/.m2/repository/org/apache/xmlgraphics/batik-ttf2svg/1.13/lib/batik-util-1.13.jar,file:/home/akshayakumar/.m2/repository/org/apache/xmlgraphics/batik-ttf2svg/1.13/lib/batik-constants-1.13.jar,file:/home/akshayakumar/.m2/repository/org/apache/xmlgraphics/batik-ttf2svg/1.13/lib/batik-i18n-1.13.jar
2024-06-05 12:55:48 INFO  o.s.b.d.e.DevToolsPropertyDefaultsPostProcessor - Devtools property defaults active! Set 'spring.devtools.add-properties' to 'false' to disable
2024-06-05 12:55:48 INFO  o.s.b.d.e.DevToolsPropertyDefaultsPostProcessor - For additional web related logging consider setting the 'logging.level.web' property to 'DEBUG'
2024-06-05 12:55:49 INFO  o.s.d.r.c.RepositoryConfigurationDelegate - Bootstrapping Spring Data JDBC repositories in DEFAULT mode.
2024-06-05 12:55:49 INFO  o.s.d.r.c.RepositoryConfigurationDelegate - Finished Spring Data repository scanning in 8 ms. Found 0 JDBC repository interfaces.
2024-06-05 12:55:50 INFO  o.s.b.w.e.tomcat.TomcatWebServer - Tomcat initialized with port(s): 8080 (http)
2024-06-05 12:55:50 INFO  o.a.catalina.core.StandardService - Starting service [Tomcat]
2024-06-05 12:55:50 INFO  o.a.catalina.core.StandardEngine - Starting Servlet engine: [Apache Tomcat/9.0.82]
2024-06-05 12:55:50 INFO  o.a.c.c.C.[Tomcat].[localhost].[/] - Initializing Spring embedded WebApplicationContext
2024-06-05 12:55:50 INFO  o.s.b.w.s.c.ServletWebServerApplicationContext - Root WebApplicationContext: initialization completed in 1532 ms
2024-06-05 12:55:51 INFO  com.zaxxer.hikari.HikariDataSource - HikariPool-1 - Starting...
2024-06-05 12:55:51 INFO  com.zaxxer.hikari.HikariDataSource - HikariPool-1 - Start completed.
2024-06-05 12:55:51 WARN  o.s.b.d.a.OptionalLiveReloadServer - Unable to start LiveReload server
2024-06-05 12:55:51 WARN  o.s.b.w.s.c.AnnotationConfigServletWebServerApplicationContext - Exception encountered during context initialization - cancelling refresh attempt: org.springframework.context.ApplicationContextException: Failed to start bean 'webServerStartStop'; nested exception is org.springframework.boot.web.server.PortInUseException: Port 8080 is already in use
2024-06-05 12:55:51 INFO  com.zaxxer.hikari.HikariDataSource - HikariPool-1 - Shutdown initiated...
2024-06-05 12:55:51 INFO  com.zaxxer.hikari.HikariDataSource - HikariPool-1 - Shutdown completed.
2024-06-05 12:55:51 INFO  o.a.catalina.core.StandardService - Stopping service [Tomcat]
2024-06-05 12:55:51 INFO  o.s.b.a.l.ConditionEvaluationReportLoggingListener - 

Error starting ApplicationContext. To display the conditions report re-run your application with 'debug' enabled.
2024-06-05 12:55:51 ERROR o.s.b.d.LoggingFailureAnalysisReporter - 

***************************
APPLICATION FAILED TO START
***************************

Description:

Web server failed to start. Port 8080 was already in use.

Action:

Identify and stop the process that's listening on port 8080 or configure this application to listen on another port.

2024-06-05 18:21:50 INFO  o.s.b.d.a.LocalDevToolsAutoConfiguration$RestartingClassPathChangeChangedEventListener - Restarting due to 3 class path changes (0 additions, 0 deletions, 3 modifications)
2024-06-05 18:21:50 INFO  o.a.catalina.core.StandardService - Stopping service [Tomcat]
2024-06-05 18:21:50 INFO  com.zaxxer.hikari.HikariDataSource - HikariPool-1 - Shutdown initiated...
2024-06-05 18:21:50 INFO  com.zaxxer.hikari.HikariDataSource - HikariPool-1 - Shutdown completed.
2024-06-05 18:21:50 INFO  c.e.f.FirstprojectzInSpringbootApplication - Starting FirstprojectzInSpringbootApplication using Java 17.0.10 on nilaapps-Latitude-3420 with PID 6616 (/home/akshayakumar/Documents/firstprojectzInSpringboot/target/classes started by akshayakumar in /home/akshayakumar/Documents/firstprojectzInSpringboot)
2024-06-05 18:21:50 DEBUG c.e.f.FirstprojectzInSpringbootApplication - Running with Spring Boot v2.7.17-SNAPSHOT, Spring v5.3.30
2024-06-05 18:21:50 INFO  c.e.f.FirstprojectzInSpringbootApplication - No active profile set, falling back to 1 default profile: "default"
2024-06-05 18:21:50 INFO  o.s.d.r.c.RepositoryConfigurationDelegate - Bootstrapping Spring Data JDBC repositories in DEFAULT mode.
2024-06-05 18:21:50 INFO  o.s.d.r.c.RepositoryConfigurationDelegate - Finished Spring Data repository scanning in 3 ms. Found 0 JDBC repository interfaces.
2024-06-05 18:21:50 INFO  o.s.b.w.e.tomcat.TomcatWebServer - Tomcat initialized with port(s): 8080 (http)
2024-06-05 18:21:50 INFO  o.a.catalina.core.StandardService - Starting service [Tomcat]
2024-06-05 18:21:50 INFO  o.a.catalina.core.StandardEngine - Starting Servlet engine: [Apache Tomcat/9.0.82]
2024-06-05 18:21:50 INFO  o.a.c.c.C.[Tomcat].[localhost].[/] - Initializing Spring embedded WebApplicationContext
2024-06-05 18:21:50 INFO  o.s.b.w.s.c.ServletWebServerApplicationContext - Root WebApplicationContext: initialization completed in 390 ms
2024-06-05 18:21:51 INFO  com.zaxxer.hikari.HikariDataSource - HikariPool-2 - Starting...
2024-06-05 18:21:51 INFO  com.zaxxer.hikari.HikariDataSource - HikariPool-2 - Start completed.
2024-06-05 18:21:51 WARN  o.s.b.d.a.OptionalLiveReloadServer - Unable to start LiveReload server
2024-06-05 18:21:51 INFO  o.s.b.w.e.tomcat.TomcatWebServer - Tomcat started on port(s): 8080 (http) with context path ''
2024-06-05 18:21:51 INFO  c.e.f.FirstprojectzInSpringbootApplication - Started FirstprojectzInSpringbootApplication in 0.797 seconds (JVM running for 24583.435)
2024-06-05 18:21:51 INFO  o.s.b.d.a.ConditionEvaluationDeltaLoggingListener - Condition evaluation unchanged
